#
# There is insufficient memory for the Java Runtime Environment to continue.
# Native memory allocation (mmap) failed to map 499122176 bytes. Error detail: G1 virtual space
# Possible reasons:
#   The system is out of physical RAM or swap space
#   This process is running with CompressedOops enabled, and the Java Heap may be blocking the growth of the native heap
# Possible solutions:
#   Reduce memory load on the system
#   Increase physical memory or swap space
#   Check if swap backing store is full
#   Decrease Java heap size (-Xmx/-Xms)
#   Decrease number of Java threads
#   Decrease Java thread stack sizes (-Xss)
#   Set larger code cache with -XX:ReservedCodeCacheSize=
#   JVM is running with Zero Based Compressed Oops mode in which the Java heap is
#     placed in the first 32GB address space. The Java Heap base address is the
#     maximum limit for the native heap growth. Please use -XX:HeapBaseMinAddress
#     to set the Java Heap base and to place the Java Heap above 32GB virtual address.
# This output file may be truncated or incomplete.
#
#  Out of Memory Error (os_windows.cpp:3618), pid=7136, tid=23704
#
# JRE version: OpenJDK Runtime Environment Temurin-17.0.15+6 (17.0.15+6) (build 17.0.15+6)
# Java VM: OpenJDK 64-Bit Server VM Temurin-17.0.15+6 (17.0.15+6, mixed mode, sharing, tiered, compressed oops, compressed class ptrs, g1 gc, windows-amd64)
# No core dump will be written. Minidumps are not enabled by default on client versions of Windows
#

---------------  S U M M A R Y ------------

Command Line: -XX:MaxMetaspaceSize=2G -XX:+HeapDumpOnOutOfMemoryError --add-opens=java.base/java.util=ALL-UNNAMED --add-opens=java.base/java.lang=ALL-UNNAMED --add-opens=java.base/java.lang.invoke=ALL-UNNAMED --add-opens=java.prefs/java.util.prefs=ALL-UNNAMED --add-opens=java.base/java.nio.charset=ALL-UNNAMED --add-opens=java.base/java.net=ALL-UNNAMED --add-opens=java.base/java.util.concurrent.atomic=ALL-UNNAMED -Xmx4G -Dfile.encoding=utf8 -Duser.country=US -Duser.language=en -Duser.variant -javaagent:C:\Users\Admin\.gradle\wrapper\dists\gradle-8.6-all\3mbtmo166bl6vumsh5k2lkq5h\gradle-8.6\lib\agents\gradle-instrumentation-agent-8.6.jar org.gradle.launcher.daemon.bootstrap.GradleDaemon 8.6

Host: AMD Ryzen 5 7535HS with Radeon Graphics        , 12 cores, 7G,  Windows 11 , 64 bit Build 22621 (10.0.22621.5415)
Time: Sun Jul 13 10:19:09 2025 SE Asia Standard Time elapsed time: 47.258689 seconds (0d 0h 0m 47s)

---------------  T H R E A D  ---------------

Current thread (0x0000020a5a79cc80):  VMThread "VM Thread" [stack: 0x00000024cea00000,0x00000024ceb00000] [id=23704]

Stack: [0x00000024cea00000,0x00000024ceb00000]
Native frames: (J=compiled Java code, j=interpreted, Vv=VM code, C=native code)
V  [jvm.dll+0x682fc9]
V  [jvm.dll+0x839878]
V  [jvm.dll+0x83b323]
V  [jvm.dll+0x83b993]
V  [jvm.dll+0x24725f]
V  [jvm.dll+0x67fda9]
V  [jvm.dll+0x674c9a]
V  [jvm.dll+0x304d06]
V  [jvm.dll+0x30c1c6]
V  [jvm.dll+0x35dd4e]
V  [jvm.dll+0x35df8d]
V  [jvm.dll+0x2dc0cc]
V  [jvm.dll+0x2da46f]
V  [jvm.dll+0x2d9bdc]
V  [jvm.dll+0x31d3bb]
V  [jvm.dll+0x8401cd]
V  [jvm.dll+0x840f03]
V  [jvm.dll+0x84142f]
V  [jvm.dll+0x841814]
V  [jvm.dll+0x8418de]
V  [jvm.dll+0x7e94dc]
V  [jvm.dll+0x681ea7]
C  [ucrtbase.dll+0x29333]
C  [KERNEL32.DLL+0x1259d]
C  [ntdll.dll+0x5af78]

VM_Operation (0x00000024d02ea460): G1CollectForAllocation, mode: safepoint, requested by thread 0x0000020aa00eb770


---------------  P R O C E S S  ---------------

Threads class SMR info:
_java_thread_list=0x0000020aa05f9be0, length=100, elements={
0x0000020a376cfc00, 0x0000020a5a7a12e0, 0x0000020a5a7a2160, 0x0000020a5a7b7af0,
0x0000020a5a7b96c0, 0x0000020a5a7baca0, 0x0000020a5a7bd670, 0x0000020a5a7cc960,
0x0000020a5a7cf860, 0x0000020a5a7d0a40, 0x0000020aa00ecbb0, 0x0000020aa00edff0,
0x0000020aa00eea10, 0x0000020aa00ed5d0, 0x0000020aa00eb260, 0x0000020aa00edae0,
0x0000020aa00ec190, 0x0000020aa00ee500, 0x0000020aa00eb770, 0x0000020aa00ebc80,
0x0000020aa00ec6a0, 0x0000020aa20cbc50, 0x0000020aa20ca810, 0x0000020aa20cd5a0,
0x0000020aa20c8ec0, 0x0000020aa20c9df0, 0x0000020aa20cd090, 0x0000020aa20cad20,
0x0000020aa20cb230, 0x0000020aa20cc160, 0x0000020aa20cc670, 0x0000020aa20c98e0,
0x0000020aa20c89b0, 0x0000020aa20ca300, 0x0000020aa20ce4d0, 0x0000020aa20cb740,
0x0000020aa20c84a0, 0x0000020aa20c7570, 0x0000020aa4c98060, 0x0000020aa4c98a80,
0x0000020aa4c9b300, 0x0000020aa4c9d160, 0x0000020aa20ce9e0, 0x0000020aa4fe5e90,
0x0000020aa4fe77e0, 0x0000020aa4fe68b0, 0x0000020aa4fe1cc0, 0x0000020aa4fe2bf0,
0x0000020aa4fe8710, 0x0000020aa4fe9640, 0x0000020aa4fe3100, 0x0000020aa4fe3b20,
0x0000020aa4fe6dc0, 0x0000020aa4fe4540, 0x0000020aa4fe4a50, 0x0000020aa4fe63a0,
0x0000020aa4fe4f60, 0x0000020aa4fe5470, 0x0000020aa4c97b50, 0x0000020aa4c98f90,
0x0000020aa4c9b810, 0x0000020aa4c9cc50, 0x0000020aa44faee0, 0x0000020aa44fdc70,
0x0000020aa44ffad0, 0x0000020aa44fcd40, 0x0000020aa44fffe0, 0x0000020aa44fb900,
0x0000020aa44f9080, 0x0000020aa45004f0, 0x0000020aa44fb3f0, 0x0000020aa44fe690,
0x0000020aa44f9590, 0x0000020aa44f9aa0, 0x0000020aa4500a00, 0x0000020aa44feba0,
0x0000020aa44fc320, 0x0000020aa44fa9d0, 0x0000020aa44fc830, 0x0000020aa44ff0b0,
0x0000020aa44ff5c0, 0x0000020aa2530000, 0x0000020aa25346e0, 0x0000020aa2534bf0,
0x0000020aa2531e60, 0x0000020aa252e1a0, 0x0000020aa2530510, 0x0000020aa2530f30,
0x0000020aa252f0d0, 0x0000020aa252f5e0, 0x0000020aa44fd250, 0x0000020aa44fd760,
0x0000020aa44fbe10, 0x0000020aa44fe180, 0x0000020aa44f9fb0, 0x0000020aa44fa4c0,
0x0000020ab50f9450, 0x0000020ab50fada0, 0x0000020ab50fb7c0, 0x0000020ab256a080
}

Java Threads: ( => current thread )
  0x0000020a376cfc00 JavaThread "main" [_thread_blocked, id=20300, stack(0x00000024ce400000,0x00000024ce500000)]
  0x0000020a5a7a12e0 JavaThread "Reference Handler" daemon [_thread_blocked, id=352, stack(0x00000024ceb00000,0x00000024cec00000)]
  0x0000020a5a7a2160 JavaThread "Finalizer" daemon [_thread_blocked, id=8480, stack(0x00000024cec00000,0x00000024ced00000)]
  0x0000020a5a7b7af0 JavaThread "Signal Dispatcher" daemon [_thread_blocked, id=28108, stack(0x00000024ced00000,0x00000024cee00000)]
  0x0000020a5a7b96c0 JavaThread "Attach Listener" daemon [_thread_blocked, id=5364, stack(0x00000024cee00000,0x00000024cef00000)]
  0x0000020a5a7baca0 JavaThread "Service Thread" daemon [_thread_blocked, id=4232, stack(0x00000024cef00000,0x00000024cf000000)]
  0x0000020a5a7bd670 JavaThread "Monitor Deflation Thread" daemon [_thread_blocked, id=24928, stack(0x00000024cf000000,0x00000024cf100000)]
  0x0000020a5a7cc960 JavaThread "C2 CompilerThread0" daemon [_thread_blocked, id=28448, stack(0x00000024cf100000,0x00000024cf200000)]
  0x0000020a5a7cf860 JavaThread "C1 CompilerThread0" daemon [_thread_blocked, id=16500, stack(0x00000024cf200000,0x00000024cf300000)]
  0x0000020a5a7d0a40 JavaThread "Sweeper thread" daemon [_thread_blocked, id=172, stack(0x00000024cf300000,0x00000024cf400000)]
  0x0000020aa00ecbb0 JavaThread "Common-Cleaner" daemon [_thread_blocked, id=13428, stack(0x00000024cf400000,0x00000024cf500000)]
  0x0000020aa00edff0 JavaThread "Notification Thread" daemon [_thread_blocked, id=3264, stack(0x00000024cf500000,0x00000024cf600000)]
  0x0000020aa00eea10 JavaThread "Daemon health stats" [_thread_blocked, id=5540, stack(0x00000024cfc00000,0x00000024cfd00000)]
  0x0000020aa00ed5d0 JavaThread "Incoming local TCP Connector on port 59705" [_thread_in_native, id=29044, stack(0x00000024cfd00000,0x00000024cfe00000)]
  0x0000020aa00eb260 JavaThread "Daemon periodic checks" [_thread_blocked, id=4676, stack(0x00000024cfe00000,0x00000024cff00000)]
  0x0000020aa00edae0 JavaThread "Daemon" [_thread_blocked, id=10136, stack(0x00000024cff00000,0x00000024d0000000)]
  0x0000020aa00ec190 JavaThread "Handler for socket connection from /127.0.0.1:59705 to /127.0.0.1:59706" [_thread_in_native, id=27904, stack(0x00000024d0000000,0x00000024d0100000)]
  0x0000020aa00ee500 JavaThread "Cancel handler" [_thread_blocked, id=16660, stack(0x00000024d0100000,0x00000024d0200000)]
  0x0000020aa00eb770 JavaThread "Daemon worker" [_thread_blocked, id=20232, stack(0x00000024d0200000,0x00000024d0300000)]
  0x0000020aa00ebc80 JavaThread "Asynchronous log dispatcher for DefaultDaemonConnection: socket connection from /127.0.0.1:59705 to /127.0.0.1:59706" [_thread_blocked, id=27128, stack(0x00000024d0300000,0x00000024d0400000)]
  0x0000020aa00ec6a0 JavaThread "Stdin handler" [_thread_blocked, id=5612, stack(0x00000024d0400000,0x00000024d0500000)]
  0x0000020aa20cbc50 JavaThread "Daemon client event forwarder" [_thread_blocked, id=18448, stack(0x00000024d0500000,0x00000024d0600000)]
  0x0000020aa20ca810 JavaThread "Cache worker for journal cache (C:\Users\Admin\.gradle\caches\journal-1)" [_thread_blocked, id=29624, stack(0x00000024d0b00000,0x00000024d0c00000)]
  0x0000020aa20cd5a0 JavaThread "File lock request listener" [_thread_in_native, id=26300, stack(0x00000024d0c00000,0x00000024d0d00000)]
  0x0000020aa20c8ec0 JavaThread "Cache worker for file hash cache (C:\Users\Admin\.gradle\caches\8.6\fileHashes)" [_thread_blocked, id=26488, stack(0x00000024cf700000,0x00000024cf800000)]
  0x0000020aa20c9df0 JavaThread "File watcher server" daemon [_thread_in_native, id=12036, stack(0x00000024d0e00000,0x00000024d0f00000)]
  0x0000020aa20cd090 JavaThread "File watcher consumer" daemon [_thread_blocked, id=28936, stack(0x00000024d0f00000,0x00000024d1000000)]
  0x0000020aa20cad20 JavaThread "jar transforms" [_thread_blocked, id=6224, stack(0x00000024d1200000,0x00000024d1300000)]
  0x0000020aa20cb230 JavaThread "jar transforms Thread 2" [_thread_blocked, id=26200, stack(0x00000024d1300000,0x00000024d1400000)]
  0x0000020aa20cc160 JavaThread "jar transforms Thread 3" [_thread_blocked, id=5400, stack(0x00000024d1400000,0x00000024d1500000)]
  0x0000020aa20cc670 JavaThread "Cache worker for checksums cache (C:\learn_mobile\Spotify_Clone\spotify_clone_fixed\android\.gradle\8.6\checksums)" [_thread_blocked, id=7860, stack(0x00000024d1500000,0x00000024d1600000)]
  0x0000020aa20c98e0 JavaThread "Cache worker for file hash cache (C:\learn_mobile\Spotify_Clone\spotify_clone_fixed\android\.gradle\8.6\fileHashes)" [_thread_blocked, id=20464, stack(0x00000024d1600000,0x00000024d1700000)]
  0x0000020aa20c89b0 JavaThread "Cache worker for cache directory md-supplier (C:\Users\Admin\.gradle\caches\8.6\md-supplier)" [_thread_blocked, id=19016, stack(0x00000024d1700000,0x00000024d1800000)]
  0x0000020aa20ca300 JavaThread "Cache worker for cache directory md-rule (C:\Users\Admin\.gradle\caches\8.6\md-rule)" [_thread_blocked, id=16532, stack(0x00000024d1800000,0x00000024d1900000)]
  0x0000020aa20ce4d0 JavaThread "Cache worker for file content cache (C:\Users\Admin\.gradle\caches\8.6\fileContent)" [_thread_blocked, id=28840, stack(0x00000024d1900000,0x00000024d1a00000)]
  0x0000020aa20cb740 JavaThread "jar transforms Thread 4" [_thread_blocked, id=18540, stack(0x00000024d1a00000,0x00000024d1b00000)]
  0x0000020aa20c84a0 JavaThread "jar transforms Thread 5" [_thread_blocked, id=24332, stack(0x00000024d1b00000,0x00000024d1c00000)]
  0x0000020aa20c7570 JavaThread "jar transforms Thread 6" [_thread_blocked, id=13388, stack(0x00000024d1c00000,0x00000024d1d00000)]
  0x0000020aa4c98060 JavaThread "jar transforms Thread 7" [_thread_blocked, id=2248, stack(0x00000024d1d00000,0x00000024d1e00000)]
  0x0000020aa4c98a80 JavaThread "jar transforms Thread 8" [_thread_blocked, id=16844, stack(0x00000024d1e00000,0x00000024d1f00000)]
  0x0000020aa4c9b300 JavaThread "jar transforms Thread 9" [_thread_blocked, id=29672, stack(0x00000024d1f00000,0x00000024d2000000)]
  0x0000020aa4c9d160 JavaThread "jar transforms Thread 10" [_thread_blocked, id=28800, stack(0x00000024d2000000,0x00000024d2100000)]
  0x0000020aa20ce9e0 JavaThread "jar transforms Thread 11" [_thread_blocked, id=13720, stack(0x00000024d2400000,0x00000024d2500000)]
  0x0000020aa4fe5e90 JavaThread "jar transforms Thread 12" [_thread_blocked, id=27900, stack(0x00000024d2500000,0x00000024d2600000)]
  0x0000020aa4fe77e0 JavaThread "Cache worker for Build Output Cleanup Cache (C:\src\flutter\packages\flutter_tools\gradle\.gradle\buildOutputCleanup)" [_thread_blocked, id=26308, stack(0x00000024d2600000,0x00000024d2700000)]
  0x0000020aa4fe68b0 JavaThread "Memory manager" [_thread_blocked, id=3148, stack(0x00000024d2700000,0x00000024d2800000)]
  0x0000020aa4fe1cc0 JavaThread "Kotlin DSL Writer" [_thread_blocked, id=28384, stack(0x00000024d2800000,0x00000024d2900000)]
  0x0000020aa4fe2bf0 JavaThread "included builds" [_thread_blocked, id=29468, stack(0x00000024d2900000,0x00000024d2a00000)]
  0x0000020aa4fe8710 JavaThread "Execution worker" [_thread_blocked, id=16260, stack(0x00000024d2a00000,0x00000024d2b00000)]
  0x0000020aa4fe9640 JavaThread "Execution worker Thread 2" [_thread_blocked, id=29476, stack(0x00000024d2b00000,0x00000024d2c00000)]
  0x0000020aa4fe3100 JavaThread "Execution worker Thread 3" [_thread_blocked, id=20800, stack(0x00000024d2c00000,0x00000024d2d00000)]
  0x0000020aa4fe3b20 JavaThread "Execution worker Thread 4" [_thread_blocked, id=29124, stack(0x00000024d2d00000,0x00000024d2e00000)]
  0x0000020aa4fe6dc0 JavaThread "Execution worker Thread 5" [_thread_blocked, id=17348, stack(0x00000024d2e00000,0x00000024d2f00000)]
  0x0000020aa4fe4540 JavaThread "Execution worker Thread 6" [_thread_blocked, id=28768, stack(0x00000024d2f00000,0x00000024d3000000)]
  0x0000020aa4fe4a50 JavaThread "Execution worker Thread 7" [_thread_blocked, id=26312, stack(0x00000024d3000000,0x00000024d3100000)]
  0x0000020aa4fe63a0 JavaThread "Execution worker Thread 8" [_thread_blocked, id=20236, stack(0x00000024d3100000,0x00000024d3200000)]
  0x0000020aa4fe4f60 JavaThread "Execution worker Thread 9" [_thread_blocked, id=10476, stack(0x00000024d3200000,0x00000024d3300000)]
  0x0000020aa4fe5470 JavaThread "Execution worker Thread 10" [_thread_blocked, id=16088, stack(0x00000024d3300000,0x00000024d3400000)]
  0x0000020aa4c97b50 JavaThread "Execution worker Thread 11" [_thread_blocked, id=21620, stack(0x00000024d3400000,0x00000024d3500000)]
  0x0000020aa4c98f90 JavaThread "Cache worker for execution history cache (C:\src\flutter\packages\flutter_tools\gradle\.gradle\8.6\executionHistory)" [_thread_blocked, id=18516, stack(0x00000024d3500000,0x00000024d3600000)]
  0x0000020aa4c9b810 JavaThread "Unconstrained build operations" [_thread_blocked, id=17716, stack(0x00000024d3600000,0x00000024d3700000)]
  0x0000020aa4c9cc50 JavaThread "Unconstrained build operations Thread 2" [_thread_blocked, id=15548, stack(0x00000024d3700000,0x00000024d3800000)]
  0x0000020aa44faee0 JavaThread "Unconstrained build operations Thread 3" [_thread_blocked, id=17088, stack(0x00000024d3800000,0x00000024d3900000)]
  0x0000020aa44fdc70 JavaThread "Unconstrained build operations Thread 4" [_thread_blocked, id=21280, stack(0x00000024d3900000,0x00000024d3a00000)]
  0x0000020aa44ffad0 JavaThread "Unconstrained build operations Thread 5" [_thread_blocked, id=15740, stack(0x00000024d3a00000,0x00000024d3b00000)]
  0x0000020aa44fcd40 JavaThread "Unconstrained build operations Thread 6" [_thread_blocked, id=12748, stack(0x00000024d3b00000,0x00000024d3c00000)]
  0x0000020aa44fffe0 JavaThread "Unconstrained build operations Thread 7" [_thread_blocked, id=22892, stack(0x00000024d3c00000,0x00000024d3d00000)]
  0x0000020aa44fb900 JavaThread "Unconstrained build operations Thread 8" [_thread_blocked, id=19792, stack(0x00000024d3d00000,0x00000024d3e00000)]
  0x0000020aa44f9080 JavaThread "Unconstrained build operations Thread 9" [_thread_blocked, id=16944, stack(0x00000024d3e00000,0x00000024d3f00000)]
  0x0000020aa45004f0 JavaThread "Unconstrained build operations Thread 10" [_thread_blocked, id=15256, stack(0x00000024d3f00000,0x00000024d4000000)]
  0x0000020aa44fb3f0 JavaThread "Exec process" [_thread_blocked, id=4472, stack(0x00000024d4100000,0x00000024d4200000)]
  0x0000020aa44fe690 JavaThread "Exec process Thread 2" [_thread_blocked, id=28996, stack(0x00000024d4300000,0x00000024d4400000)]
  0x0000020aa44f9590 JavaThread "Exec process Thread 3" [_thread_blocked, id=4460, stack(0x00000024d4400000,0x00000024d4500000)]
  0x0000020aa44f9aa0 JavaThread "Exec process Thread 4" [_thread_blocked, id=6164, stack(0x00000024d4500000,0x00000024d4600000)]
  0x0000020aa4500a00 JavaThread "Unconstrained build operations Thread 11" [_thread_blocked, id=27284, stack(0x00000024d4c00000,0x00000024d4d00000)]
  0x0000020aa44feba0 JavaThread "Unconstrained build operations Thread 12" [_thread_blocked, id=1796, stack(0x00000024d4d00000,0x00000024d4e00000)]
  0x0000020aa44fc320 JavaThread "Unconstrained build operations Thread 13" [_thread_blocked, id=20200, stack(0x00000024d4e00000,0x00000024d4f00000)]
  0x0000020aa44fa9d0 JavaThread "Unconstrained build operations Thread 14" [_thread_blocked, id=20304, stack(0x00000024d4f00000,0x00000024d5000000)]
  0x0000020aa44fc830 JavaThread "Unconstrained build operations Thread 15" [_thread_blocked, id=13900, stack(0x00000024d5000000,0x00000024d5100000)]
  0x0000020aa44ff0b0 JavaThread "Unconstrained build operations Thread 16" [_thread_blocked, id=15500, stack(0x00000024d5100000,0x00000024d5200000)]
  0x0000020aa44ff5c0 JavaThread "Unconstrained build operations Thread 17" [_thread_blocked, id=18980, stack(0x00000024d5200000,0x00000024d5300000)]
  0x0000020aa2530000 JavaThread "Unconstrained build operations Thread 18" [_thread_blocked, id=28144, stack(0x00000024d5300000,0x00000024d5400000)]
  0x0000020aa25346e0 JavaThread "Unconstrained build operations Thread 19" [_thread_blocked, id=14276, stack(0x00000024d5400000,0x00000024d5500000)]
  0x0000020aa2534bf0 JavaThread "Unconstrained build operations Thread 20" [_thread_blocked, id=11640, stack(0x00000024d5500000,0x00000024d5600000)]
  0x0000020aa2531e60 JavaThread "Unconstrained build operations Thread 21" [_thread_blocked, id=29212, stack(0x00000024d5600000,0x00000024d5700000)]
  0x0000020aa252e1a0 JavaThread "Cache worker for Build Output Cleanup Cache (C:\learn_mobile\Spotify_Clone\spotify_clone_fixed\android\.gradle\buildOutputCleanup)" [_thread_blocked, id=11200, stack(0x00000024d4200000,0x00000024d4300000)]
  0x0000020aa2530510 JavaThread "build event listener" [_thread_blocked, id=11168, stack(0x00000024d4600000,0x00000024d4700000)]
  0x0000020aa2530f30 JavaThread "Kotlin DSL Writer" [_thread_blocked, id=28872, stack(0x00000024d4800000,0x00000024d4900000)]
  0x0000020aa252f0d0 JavaThread "Unconstrained build operations Thread 22" [_thread_blocked, id=16564, stack(0x00000024d5800000,0x00000024d5900000)]
  0x0000020aa252f5e0 JavaThread "Unconstrained build operations Thread 23" [_thread_blocked, id=23280, stack(0x00000024d5900000,0x00000024d5a00000)]
  0x0000020aa44fd250 JavaThread "Unconstrained build operations Thread 24" [_thread_blocked, id=6728, stack(0x00000024d5a00000,0x00000024d5b00000)]
  0x0000020aa44fd760 JavaThread "Unconstrained build operations Thread 25" [_thread_blocked, id=28280, stack(0x00000024d5b00000,0x00000024d5c00000)]
  0x0000020aa44fbe10 JavaThread "Unconstrained build operations Thread 26" [_thread_blocked, id=27580, stack(0x00000024d5c00000,0x00000024d5d00000)]
  0x0000020aa44fe180 JavaThread "Unconstrained build operations Thread 27" [_thread_blocked, id=28344, stack(0x00000024d5d00000,0x00000024d5e00000)]
  0x0000020aa44f9fb0 JavaThread "Unconstrained build operations Thread 28" [_thread_blocked, id=28272, stack(0x00000024d5e00000,0x00000024d5f00000)]
  0x0000020aa44fa4c0 JavaThread "Unconstrained build operations Thread 29" [_thread_blocked, id=18388, stack(0x00000024d5f00000,0x00000024d6000000)]
  0x0000020ab50f9450 JavaThread "Unconstrained build operations Thread 30" [_thread_blocked, id=29088, stack(0x00000024d6000000,0x00000024d6100000)]
  0x0000020ab50fada0 JavaThread "Unconstrained build operations Thread 31" [_thread_blocked, id=26764, stack(0x00000024d6100000,0x00000024d6200000)]
  0x0000020ab50fb7c0 JavaThread "Unconstrained build operations Thread 32" [_thread_blocked, id=29480, stack(0x00000024d6200000,0x00000024d6300000)]
  0x0000020ab256a080 JavaThread "C2 CompilerThread1" daemon [_thread_blocked, id=16848, stack(0x00000024d4000000,0x00000024d4100000)]

Other Threads:
=>0x0000020a5a79cc80 VMThread "VM Thread" [stack: 0x00000024cea00000,0x00000024ceb00000] [id=23704]
  0x0000020aa01e54c0 WatcherThread [stack: 0x00000024cf600000,0x00000024cf700000] [id=28776]
  0x0000020a3773f130 GCTaskThread "GC Thread#0" [stack: 0x00000024ce500000,0x00000024ce600000] [id=3816]
  0x0000020aa0d21dc0 GCTaskThread "GC Thread#1" [stack: 0x00000024cf800000,0x00000024cf900000] [id=29380]
  0x0000020aa0bccbd0 GCTaskThread "GC Thread#2" [stack: 0x00000024cf900000,0x00000024cfa00000] [id=15216]
  0x0000020aa0bcce90 GCTaskThread "GC Thread#3" [stack: 0x00000024cfa00000,0x00000024cfb00000] [id=10636]
  0x0000020aa0d109e0 GCTaskThread "GC Thread#4" [stack: 0x00000024cfb00000,0x00000024cfc00000] [id=28356]
  0x0000020aa133e4b0 GCTaskThread "GC Thread#5" [stack: 0x00000024d0600000,0x00000024d0700000] [id=6760]
  0x0000020aa133f270 GCTaskThread "GC Thread#6" [stack: 0x00000024d0700000,0x00000024d0800000] [id=1476]
  0x0000020aa133ecf0 GCTaskThread "GC Thread#7" [stack: 0x00000024d0800000,0x00000024d0900000] [id=7596]
  0x0000020aa133e770 GCTaskThread "GC Thread#8" [stack: 0x00000024d0900000,0x00000024d0a00000] [id=20532]
  0x0000020aa133f530 GCTaskThread "GC Thread#9" [stack: 0x00000024d0a00000,0x00000024d0b00000] [id=16572]
  0x0000020a37750080 ConcurrentGCThread "G1 Main Marker" [stack: 0x00000024ce600000,0x00000024ce700000] [id=7308]
  0x0000020a37750aa0 ConcurrentGCThread "G1 Conc#0" [stack: 0x00000024ce700000,0x00000024ce800000] [id=18248]
  0x0000020aa133df30 ConcurrentGCThread "G1 Conc#1" [stack: 0x00000024d1000000,0x00000024d1100000] [id=28160]
  0x0000020aa133e1f0 ConcurrentGCThread "G1 Conc#2" [stack: 0x00000024d1100000,0x00000024d1200000] [id=4444]
  0x0000020a5a659480 ConcurrentGCThread "G1 Refine#0" [stack: 0x00000024ce800000,0x00000024ce900000] [id=29288]
  0x0000020aa3458d90 ConcurrentGCThread "G1 Refine#1" [stack: 0x00000024d2100000,0x00000024d2200000] [id=18968]
  0x0000020aa0229110 ConcurrentGCThread "G1 Refine#2" [stack: 0x00000024d2200000,0x00000024d2300000] [id=17288]
  0x0000020aa1b57c30 ConcurrentGCThread "G1 Refine#3" [stack: 0x00000024d0d00000,0x00000024d0e00000] [id=15724]
  0x0000020aa1b58210 ConcurrentGCThread "G1 Refine#4" [stack: 0x00000024d2300000,0x00000024d2400000] [id=28092]
  0x0000020ab2337980 ConcurrentGCThread "G1 Refine#5" [stack: 0x00000024d4900000,0x00000024d4a00000] [id=20288]
  0x0000020ab2337c70 ConcurrentGCThread "G1 Refine#6" [stack: 0x00000024d5700000,0x00000024d5800000] [id=27832]
  0x0000020a5a659dc0 ConcurrentGCThread "G1 Service" [stack: 0x00000024ce900000,0x00000024cea00000] [id=28848]

Threads with active compile tasks:
C2 CompilerThread0    47305 21180       4       org.jetbrains.kotlin.resolve.calls.components.candidate.ResolutionCandidate::getSystem (80 bytes)
C1 CompilerThread0    47305 21197       3       org.jetbrains.kotlin.resolve.calls.inference.model.NewConstraintSystemImpl::isNotNullTypeParameter (18 bytes)
C2 CompilerThread1    47305 21076       4       org.jetbrains.kotlin.load.kotlin.FileBasedKotlinClass::resolveNameByDesc (87 bytes)

VM state: at safepoint (normal execution)

VM Mutex/Monitor currently owned by a thread:  ([mutex/lock_event])
[0x0000020a376caac0] Threads_lock - owner thread: 0x0000020a5a79cc80
[0x0000020a376cb210] Heap_lock - owner thread: 0x0000020aa00eb770

Heap address: 0x0000000700000000, size: 4096 MB, Compressed Oops mode: Zero based, Oop shift amount: 3

CDS archive(s) mapped at: [0x0000020a5b000000-0x0000020a5bbb0000-0x0000020a5bbb0000), size 12255232, SharedBaseAddress: 0x0000020a5b000000, ArchiveRelocationMode: 1.
Compressed class space mapped at: 0x0000020a5c000000-0x0000020a9c000000, reserved size: 1073741824
Narrow klass base: 0x0000020a5b000000, Narrow klass shift: 0, Narrow klass range: 0x100000000

GC Precious Log:
 CPUs: 12 total, 12 available
 Memory: 7381M
 Large Page Support: Disabled
 NUMA Support: Disabled
 Compressed Oops: Enabled (Zero based)
 Heap Region Size: 2M
 Heap Min Capacity: 8M
 Heap Initial Capacity: 116M
 Heap Max Capacity: 4G
 Pre-touch: Disabled
 Parallel Workers: 10
 Concurrent Workers: 3
 Concurrent Refinement Workers: 10
 Periodic GC: Disabled

Heap:
 garbage-first heap   total 358400K, used 229895K [0x0000000700000000, 0x0000000800000000)
  region size 2048K, 5 young (10240K), 5 survivors (10240K)
 Metaspace       used 148113K, committed 149184K, reserved 1179648K
  class space    used 18982K, committed 19520K, reserved 1048576K

Heap Regions: E=young(eden), S=young(survivor), O=old, HS=humongous(starts), HC=humongous(continues), CS=collection set, F=free, OA=open archive, CA=closed archive, TAMS=top-at-mark-start (previous, next)
|   0|0x0000000700000000, 0x0000000700200000, 0x0000000700200000|100%|HS|  |TAMS 0x0000000700200000, 0x0000000700000000| Complete 
|   1|0x0000000700200000, 0x0000000700400000, 0x0000000700400000|100%|HC|  |TAMS 0x0000000700400000, 0x0000000700200000| Complete 
|   2|0x0000000700400000, 0x0000000700600000, 0x0000000700600000|100%| O|  |TAMS 0x0000000700600000, 0x0000000700400000| Untracked 
|   3|0x0000000700600000, 0x0000000700800000, 0x0000000700800000|100%| O|  |TAMS 0x0000000700800000, 0x0000000700600000| Untracked 
|   4|0x0000000700800000, 0x0000000700a00000, 0x0000000700a00000|100%| O|  |TAMS 0x0000000700a00000, 0x0000000700800000| Untracked 
|   5|0x0000000700a00000, 0x0000000700c00000, 0x0000000700c00000|100%| O|  |TAMS 0x0000000700c00000, 0x0000000700a00000| Untracked 
|   6|0x0000000700c00000, 0x0000000700e00000, 0x0000000700e00000|100%| O|  |TAMS 0x0000000700e00000, 0x0000000700c00000| Untracked 
|   7|0x0000000700e00000, 0x0000000701000000, 0x0000000701000000|100%| O|  |TAMS 0x0000000701000000, 0x0000000700e00000| Untracked 
|   8|0x0000000701000000, 0x0000000701200000, 0x0000000701200000|100%| O|  |TAMS 0x0000000701200000, 0x0000000701000000| Untracked 
|   9|0x0000000701200000, 0x0000000701400000, 0x0000000701400000|100%| O|  |TAMS 0x0000000701400000, 0x0000000701200000| Untracked 
|  10|0x0000000701400000, 0x0000000701600000, 0x0000000701600000|100%| O|  |TAMS 0x0000000701600000, 0x0000000701400000| Untracked 
|  11|0x0000000701600000, 0x0000000701800000, 0x0000000701800000|100%| O|  |TAMS 0x0000000701800000, 0x0000000701600000| Untracked 
|  12|0x0000000701800000, 0x0000000701a00000, 0x0000000701a00000|100%| O|  |TAMS 0x0000000701a00000, 0x0000000701800000| Untracked 
|  13|0x0000000701a00000, 0x0000000701c00000, 0x0000000701c00000|100%| O|  |TAMS 0x0000000701c00000, 0x0000000701a00000| Untracked 
|  14|0x0000000701c00000, 0x0000000701e00000, 0x0000000701e00000|100%| O|  |TAMS 0x0000000701e00000, 0x0000000701c00000| Untracked 
|  15|0x0000000701e00000, 0x0000000702000000, 0x0000000702000000|100%| O|  |TAMS 0x0000000702000000, 0x0000000701e00000| Untracked 
|  16|0x0000000702000000, 0x0000000702200000, 0x0000000702200000|100%| O|  |TAMS 0x0000000702200000, 0x0000000702000000| Untracked 
|  17|0x0000000702200000, 0x0000000702400000, 0x0000000702400000|100%| O|  |TAMS 0x0000000702400000, 0x0000000702200000| Untracked 
|  18|0x0000000702400000, 0x0000000702600000, 0x0000000702600000|100%| O|  |TAMS 0x0000000702600000, 0x0000000702400000| Untracked 
|  19|0x0000000702600000, 0x0000000702800000, 0x0000000702800000|100%| O|  |TAMS 0x0000000702800000, 0x0000000702600000| Untracked 
|  20|0x0000000702800000, 0x0000000702a00000, 0x0000000702a00000|100%| O|  |TAMS 0x0000000702a00000, 0x0000000702800000| Untracked 
|  21|0x0000000702a00000, 0x0000000702c00000, 0x0000000702c00000|100%| O|  |TAMS 0x0000000702c00000, 0x0000000702a00000| Untracked 
|  22|0x0000000702c00000, 0x0000000702e00000, 0x0000000702e00000|100%| O|  |TAMS 0x0000000702e00000, 0x0000000702c00000| Untracked 
|  23|0x0000000702e00000, 0x0000000703000000, 0x0000000703000000|100%|HS|  |TAMS 0x0000000703000000, 0x0000000702e00000| Complete 
|  24|0x0000000703000000, 0x0000000703200000, 0x0000000703200000|100%|HS|  |TAMS 0x0000000703000000, 0x0000000703000000| Complete 
|  25|0x0000000703200000, 0x0000000703400000, 0x0000000703400000|100%| O|  |TAMS 0x0000000703400000, 0x0000000703200000| Untracked 
|  26|0x0000000703400000, 0x0000000703600000, 0x0000000703600000|100%| O|  |TAMS 0x0000000703600000, 0x0000000703400000| Untracked 
|  27|0x0000000703600000, 0x0000000703800000, 0x0000000703800000|100%| O|  |TAMS 0x0000000703800000, 0x0000000703600000| Untracked 
|  28|0x0000000703800000, 0x0000000703a00000, 0x0000000703a00000|100%| O|  |TAMS 0x0000000703a00000, 0x0000000703800000| Untracked 
|  29|0x0000000703a00000, 0x0000000703c00000, 0x0000000703c00000|100%| O|  |TAMS 0x0000000703c00000, 0x0000000703a00000| Untracked 
|  30|0x0000000703c00000, 0x0000000703e00000, 0x0000000703e00000|100%| O|  |TAMS 0x0000000703e00000, 0x0000000703c00000| Untracked 
|  31|0x0000000703e00000, 0x0000000704000000, 0x0000000704000000|100%| O|  |TAMS 0x0000000704000000, 0x0000000703e00000| Untracked 
|  32|0x0000000704000000, 0x0000000704200000, 0x0000000704200000|100%| O|  |TAMS 0x0000000704200000, 0x0000000704000000| Untracked 
|  33|0x0000000704200000, 0x0000000704400000, 0x0000000704400000|100%| O|  |TAMS 0x0000000704400000, 0x0000000704200000| Untracked 
|  34|0x0000000704400000, 0x0000000704600000, 0x0000000704600000|100%| O|  |TAMS 0x0000000704600000, 0x0000000704400000| Untracked 
|  35|0x0000000704600000, 0x0000000704800000, 0x0000000704800000|100%| O|  |TAMS 0x0000000704800000, 0x0000000704600000| Untracked 
|  36|0x0000000704800000, 0x0000000704a00000, 0x0000000704a00000|100%| O|  |TAMS 0x0000000704a00000, 0x0000000704800000| Untracked 
|  37|0x0000000704a00000, 0x0000000704c00000, 0x0000000704c00000|100%| O|  |TAMS 0x0000000704c00000, 0x0000000704a00000| Untracked 
|  38|0x0000000704c00000, 0x0000000704e00000, 0x0000000704e00000|100%| O|  |TAMS 0x0000000704e00000, 0x0000000704c00000| Untracked 
|  39|0x0000000704e00000, 0x0000000705000000, 0x0000000705000000|100%| O|  |TAMS 0x0000000705000000, 0x0000000704e00000| Untracked 
|  40|0x0000000705000000, 0x0000000705200000, 0x0000000705200000|100%| O|  |TAMS 0x0000000705000000, 0x0000000705000000| Untracked 
|  41|0x0000000705200000, 0x0000000705400000, 0x0000000705400000|100%| O|  |TAMS 0x0000000705200000, 0x0000000705200000| Untracked 
|  42|0x0000000705400000, 0x0000000705600000, 0x0000000705600000|100%| O|  |TAMS 0x0000000705600000, 0x0000000705400000| Untracked 
|  43|0x0000000705600000, 0x0000000705800000, 0x0000000705800000|100%| O|  |TAMS 0x0000000705800000, 0x0000000705600000| Untracked 
|  44|0x0000000705800000, 0x0000000705a00000, 0x0000000705a00000|100%| O|  |TAMS 0x0000000705800000, 0x0000000705800000| Untracked 
|  45|0x0000000705a00000, 0x0000000705c00000, 0x0000000705c00000|100%| O|  |TAMS 0x0000000705c00000, 0x0000000705a00000| Untracked 
|  46|0x0000000705c00000, 0x0000000705e00000, 0x0000000705e00000|100%| O|  |TAMS 0x0000000705c97e00, 0x0000000705c00000| Untracked 
|  47|0x0000000705e00000, 0x0000000706000000, 0x0000000706000000|100%| O|  |TAMS 0x0000000705e00000, 0x0000000705e00000| Untracked 
|  48|0x0000000706000000, 0x0000000706200000, 0x0000000706200000|100%| O|  |TAMS 0x0000000706200000, 0x0000000706000000| Untracked 
|  49|0x0000000706200000, 0x0000000706400000, 0x0000000706400000|100%| O|  |TAMS 0x0000000706400000, 0x0000000706200000| Untracked 
|  50|0x0000000706400000, 0x0000000706600000, 0x0000000706600000|100%|HS|  |TAMS 0x0000000706400000, 0x0000000706400000| Complete 
|  51|0x0000000706600000, 0x0000000706800000, 0x0000000706800000|100%|HC|  |TAMS 0x0000000706600000, 0x0000000706600000| Complete 
|  52|0x0000000706800000, 0x0000000706a00000, 0x0000000706a00000|100%| O|  |TAMS 0x0000000706800000, 0x0000000706800000| Untracked 
|  53|0x0000000706a00000, 0x0000000706c00000, 0x0000000706c00000|100%| O|  |TAMS 0x0000000706a00000, 0x0000000706a00000| Untracked 
|  54|0x0000000706c00000, 0x0000000706e00000, 0x0000000706e00000|100%| O|  |TAMS 0x0000000706c00000, 0x0000000706c00000| Untracked 
|  55|0x0000000706e00000, 0x0000000707000000, 0x0000000707000000|100%| O|  |TAMS 0x0000000706e00000, 0x0000000706e00000| Untracked 
|  56|0x0000000707000000, 0x0000000707200000, 0x0000000707200000|100%| O|  |TAMS 0x0000000707000000, 0x0000000707000000| Untracked 
|  57|0x0000000707200000, 0x0000000707400000, 0x0000000707400000|100%| O|  |TAMS 0x0000000707200000, 0x0000000707200000| Untracked 
|  58|0x0000000707400000, 0x0000000707600000, 0x0000000707600000|100%| O|  |TAMS 0x0000000707400000, 0x0000000707400000| Untracked 
|  59|0x0000000707600000, 0x0000000707800000, 0x0000000707800000|100%| O|  |TAMS 0x0000000707600000, 0x0000000707600000| Untracked 
|  60|0x0000000707800000, 0x0000000707a00000, 0x0000000707a00000|100%|HS|  |TAMS 0x0000000707800000, 0x0000000707800000| Complete 
|  61|0x0000000707a00000, 0x0000000707c00000, 0x0000000707c00000|100%|HC|  |TAMS 0x0000000707a00000, 0x0000000707a00000| Complete 
|  62|0x0000000707c00000, 0x0000000707e00000, 0x0000000707e00000|100%| O|  |TAMS 0x0000000707c00000, 0x0000000707c00000| Untracked 
|  63|0x0000000707e00000, 0x0000000708000000, 0x0000000708000000|100%| O|  |TAMS 0x0000000707e00000, 0x0000000707e00000| Untracked 
|  64|0x0000000708000000, 0x0000000708200000, 0x0000000708200000|100%| O|  |TAMS 0x0000000708000000, 0x0000000708000000| Untracked 
|  65|0x0000000708200000, 0x0000000708400000, 0x0000000708400000|100%|HS|  |TAMS 0x0000000708200000, 0x0000000708200000| Complete 
|  66|0x0000000708400000, 0x0000000708600000, 0x0000000708600000|100%|HC|  |TAMS 0x0000000708400000, 0x0000000708400000| Complete 
|  67|0x0000000708600000, 0x0000000708800000, 0x0000000708800000|100%|HC|  |TAMS 0x0000000708600000, 0x0000000708600000| Complete 
|  68|0x0000000708800000, 0x0000000708a00000, 0x0000000708a00000|100%| O|  |TAMS 0x0000000708800000, 0x0000000708800000| Untracked 
|  69|0x0000000708a00000, 0x0000000708c00000, 0x0000000708c00000|100%| O|  |TAMS 0x0000000708a00000, 0x0000000708a00000| Untracked 
|  70|0x0000000708c00000, 0x0000000708e00000, 0x0000000708e00000|100%| O|  |TAMS 0x0000000708c00000, 0x0000000708c00000| Untracked 
|  71|0x0000000708e00000, 0x0000000709000000, 0x0000000709000000|100%| O|  |TAMS 0x0000000708e00000, 0x0000000708e00000| Untracked 
|  72|0x0000000709000000, 0x0000000709200000, 0x0000000709200000|100%| O|  |TAMS 0x0000000709000000, 0x0000000709000000| Untracked 
|  73|0x0000000709200000, 0x0000000709400000, 0x0000000709400000|100%| O|  |TAMS 0x0000000709200000, 0x0000000709200000| Untracked 
|  74|0x0000000709400000, 0x0000000709600000, 0x0000000709600000|100%| O|  |TAMS 0x0000000709400000, 0x0000000709400000| Untracked 
|  75|0x0000000709600000, 0x0000000709800000, 0x0000000709800000|100%| O|  |TAMS 0x0000000709600000, 0x0000000709600000| Untracked 
|  76|0x0000000709800000, 0x0000000709a00000, 0x0000000709a00000|100%| O|  |TAMS 0x0000000709800000, 0x0000000709800000| Untracked 
|  77|0x0000000709a00000, 0x0000000709c00000, 0x0000000709c00000|100%| O|  |TAMS 0x0000000709a00000, 0x0000000709a00000| Untracked 
|  78|0x0000000709c00000, 0x0000000709e00000, 0x0000000709e00000|100%| O|  |TAMS 0x0000000709c00000, 0x0000000709c00000| Untracked 
|  79|0x0000000709e00000, 0x000000070a000000, 0x000000070a000000|100%| O|  |TAMS 0x0000000709e00000, 0x0000000709e00000| Untracked 
|  80|0x000000070a000000, 0x000000070a200000, 0x000000070a200000|100%| O|  |TAMS 0x000000070a000000, 0x000000070a000000| Untracked 
|  81|0x000000070a200000, 0x000000070a400000, 0x000000070a400000|100%| O|  |TAMS 0x000000070a200000, 0x000000070a200000| Untracked 
|  82|0x000000070a400000, 0x000000070a600000, 0x000000070a600000|100%| O|  |TAMS 0x000000070a400000, 0x000000070a400000| Untracked 
|  83|0x000000070a600000, 0x000000070a800000, 0x000000070a800000|100%| O|  |TAMS 0x000000070a600000, 0x000000070a600000| Untracked 
|  84|0x000000070a800000, 0x000000070aa00000, 0x000000070aa00000|100%| O|  |TAMS 0x000000070a800000, 0x000000070a800000| Untracked 
|  85|0x000000070aa00000, 0x000000070ac00000, 0x000000070ac00000|100%| O|  |TAMS 0x000000070aa00000, 0x000000070aa00000| Untracked 
|  86|0x000000070ac00000, 0x000000070ae00000, 0x000000070ae00000|100%| O|  |TAMS 0x000000070ac00000, 0x000000070ac00000| Untracked 
|  87|0x000000070ae00000, 0x000000070b000000, 0x000000070b000000|100%| O|  |TAMS 0x000000070ae00000, 0x000000070ae00000| Untracked 
|  88|0x000000070b000000, 0x000000070b200000, 0x000000070b200000|100%| O|  |TAMS 0x000000070b000000, 0x000000070b000000| Untracked 
|  89|0x000000070b200000, 0x000000070b400000, 0x000000070b400000|100%| O|  |TAMS 0x000000070b200000, 0x000000070b200000| Untracked 
|  90|0x000000070b400000, 0x000000070b600000, 0x000000070b600000|100%| O|  |TAMS 0x000000070b400000, 0x000000070b400000| Untracked 
|  91|0x000000070b600000, 0x000000070b800000, 0x000000070b800000|100%| O|  |TAMS 0x000000070b600000, 0x000000070b600000| Untracked 
|  92|0x000000070b800000, 0x000000070ba00000, 0x000000070ba00000|100%|HS|  |TAMS 0x000000070b800000, 0x000000070b800000| Complete 
|  93|0x000000070ba00000, 0x000000070bc00000, 0x000000070bc00000|100%|HC|  |TAMS 0x000000070ba00000, 0x000000070ba00000| Complete 
|  94|0x000000070bc00000, 0x000000070be00000, 0x000000070be00000|100%| O|  |TAMS 0x000000070bc00000, 0x000000070bc00000| Untracked 
|  95|0x000000070be00000, 0x000000070c000000, 0x000000070c000000|100%| O|  |TAMS 0x000000070be00000, 0x000000070be00000| Untracked 
|  96|0x000000070c000000, 0x000000070c200000, 0x000000070c200000|100%| O|  |TAMS 0x000000070c000000, 0x000000070c000000| Untracked 
|  97|0x000000070c200000, 0x000000070c400000, 0x000000070c400000|100%| O|  |TAMS 0x000000070c200000, 0x000000070c200000| Untracked 
|  98|0x000000070c400000, 0x000000070c600000, 0x000000070c600000|100%| O|  |TAMS 0x000000070c400000, 0x000000070c400000| Untracked 
|  99|0x000000070c600000, 0x000000070c800000, 0x000000070c800000|100%| O|  |TAMS 0x000000070c600000, 0x000000070c600000| Untracked 
| 100|0x000000070c800000, 0x000000070ca00000, 0x000000070ca00000|100%| O|  |TAMS 0x000000070c800000, 0x000000070c800000| Untracked 
| 101|0x000000070ca00000, 0x000000070cc00000, 0x000000070cc00000|100%| O|  |TAMS 0x000000070ca00000, 0x000000070ca00000| Untracked 
| 102|0x000000070cc00000, 0x000000070ce00000, 0x000000070ce00000|100%| O|  |TAMS 0x000000070cc00000, 0x000000070cc00000| Untracked 
| 103|0x000000070ce00000, 0x000000070d000000, 0x000000070d000000|100%| O|  |TAMS 0x000000070ce00000, 0x000000070ce00000| Untracked 
| 104|0x000000070d000000, 0x000000070d200000, 0x000000070d200000|100%| O|  |TAMS 0x000000070d000000, 0x000000070d000000| Untracked 
| 105|0x000000070d200000, 0x000000070d400000, 0x000000070d400000|100%| O|  |TAMS 0x000000070d200000, 0x000000070d200000| Untracked 
| 106|0x000000070d400000, 0x000000070d600000, 0x000000070d600000|100%| O|  |TAMS 0x000000070d400000, 0x000000070d400000| Untracked 
| 107|0x000000070d600000, 0x000000070d739000, 0x000000070d800000| 61%| O|  |TAMS 0x000000070d600000, 0x000000070d600000| Untracked 
| 108|0x000000070d800000, 0x000000070d800000, 0x000000070da00000|  0%| F|  |TAMS 0x000000070d800000, 0x000000070d800000| Untracked 
| 109|0x000000070da00000, 0x000000070da00000, 0x000000070dc00000|  0%| F|  |TAMS 0x000000070da00000, 0x000000070da00000| Untracked 
| 110|0x000000070dc00000, 0x000000070dc00000, 0x000000070de00000|  0%| F|  |TAMS 0x000000070dc00000, 0x000000070dc00000| Untracked 
| 111|0x000000070de00000, 0x000000070de00000, 0x000000070e000000|  0%| F|  |TAMS 0x000000070de00000, 0x000000070de00000| Untracked 
| 112|0x000000070e000000, 0x000000070e000000, 0x000000070e200000|  0%| F|  |TAMS 0x000000070e000000, 0x000000070e000000| Untracked 
| 113|0x000000070e200000, 0x000000070e200000, 0x000000070e400000|  0%| F|  |TAMS 0x000000070e200000, 0x000000070e200000| Untracked 
| 114|0x000000070e400000, 0x000000070e400000, 0x000000070e600000|  0%| F|  |TAMS 0x000000070e400000, 0x000000070e400000| Untracked 
| 115|0x000000070e600000, 0x000000070e600000, 0x000000070e800000|  0%| F|  |TAMS 0x000000070e600000, 0x000000070e600000| Untracked 
| 116|0x000000070e800000, 0x000000070e800000, 0x000000070ea00000|  0%| F|  |TAMS 0x000000070e800000, 0x000000070e800000| Untracked 
| 117|0x000000070ea00000, 0x000000070ea00000, 0x000000070ec00000|  0%| F|  |TAMS 0x000000070ea00000, 0x000000070ea00000| Untracked 
| 118|0x000000070ec00000, 0x000000070ec00000, 0x000000070ee00000|  0%| F|  |TAMS 0x000000070ec00000, 0x000000070ec00000| Untracked 
| 119|0x000000070ee00000, 0x000000070ee00000, 0x000000070f000000|  0%| F|  |TAMS 0x000000070ee00000, 0x000000070ee00000| Untracked 
| 120|0x000000070f000000, 0x000000070f000000, 0x000000070f200000|  0%| F|  |TAMS 0x000000070f000000, 0x000000070f000000| Untracked 
| 121|0x000000070f200000, 0x000000070f200000, 0x000000070f400000|  0%| F|  |TAMS 0x000000070f200000, 0x000000070f200000| Untracked 
| 122|0x000000070f400000, 0x000000070f400000, 0x000000070f600000|  0%| F|  |TAMS 0x000000070f400000, 0x000000070f400000| Untracked 
| 123|0x000000070f600000, 0x000000070f600000, 0x000000070f800000|  0%| F|  |TAMS 0x000000070f600000, 0x000000070f600000| Untracked 
| 124|0x000000070f800000, 0x000000070f800000, 0x000000070fa00000|  0%| F|  |TAMS 0x000000070f800000, 0x000000070f800000| Untracked 
| 125|0x000000070fa00000, 0x000000070fa00000, 0x000000070fc00000|  0%| F|  |TAMS 0x000000070fa00000, 0x000000070fa00000| Untracked 
| 126|0x000000070fc00000, 0x000000070fc00000, 0x000000070fe00000|  0%| F|  |TAMS 0x000000070fc00000, 0x000000070fc00000| Untracked 
| 127|0x000000070fe00000, 0x000000070fe00000, 0x0000000710000000|  0%| F|  |TAMS 0x000000070fe00000, 0x000000070fe00000| Untracked 
| 128|0x0000000710000000, 0x0000000710000000, 0x0000000710200000|  0%| F|  |TAMS 0x0000000710000000, 0x0000000710000000| Untracked 
| 129|0x0000000710200000, 0x0000000710200000, 0x0000000710400000|  0%| F|  |TAMS 0x0000000710200000, 0x0000000710200000| Untracked 
| 130|0x0000000710400000, 0x0000000710400000, 0x0000000710600000|  0%| F|  |TAMS 0x0000000710400000, 0x0000000710400000| Untracked 
| 131|0x0000000710600000, 0x0000000710600000, 0x0000000710800000|  0%| F|  |TAMS 0x0000000710600000, 0x0000000710600000| Untracked 
| 132|0x0000000710800000, 0x0000000710948e80, 0x0000000710a00000| 64%| S|CS|TAMS 0x0000000710800000, 0x0000000710800000| Complete 
| 133|0x0000000710a00000, 0x0000000710c00000, 0x0000000710c00000|100%| S|CS|TAMS 0x0000000710a00000, 0x0000000710a00000| Complete 
| 134|0x0000000710c00000, 0x0000000710e00000, 0x0000000710e00000|100%| S|CS|TAMS 0x0000000710c00000, 0x0000000710c00000| Complete 
| 135|0x0000000710e00000, 0x0000000710e00000, 0x0000000711000000|  0%| F|  |TAMS 0x0000000710e00000, 0x0000000710e00000| Untracked 
| 136|0x0000000711000000, 0x0000000711000000, 0x0000000711200000|  0%| F|  |TAMS 0x0000000711000000, 0x0000000711000000| Untracked 
| 137|0x0000000711200000, 0x0000000711200000, 0x0000000711400000|  0%| F|  |TAMS 0x0000000711200000, 0x0000000711200000| Untracked 
| 138|0x0000000711400000, 0x0000000711400000, 0x0000000711600000|  0%| F|  |TAMS 0x0000000711400000, 0x0000000711400000| Untracked 
| 139|0x0000000711600000, 0x0000000711600000, 0x0000000711800000|  0%| F|  |TAMS 0x0000000711600000, 0x0000000711600000| Untracked 
| 140|0x0000000711800000, 0x0000000711a00000, 0x0000000711a00000|100%| S|CS|TAMS 0x0000000711800000, 0x0000000711800000| Complete 
| 141|0x0000000711a00000, 0x0000000711c00000, 0x0000000711c00000|100%| S|CS|TAMS 0x0000000711a00000, 0x0000000711a00000| Complete 
| 142|0x0000000711c00000, 0x0000000711c00000, 0x0000000711e00000|  0%| F|  |TAMS 0x0000000711c00000, 0x0000000711c00000| Untracked 
| 143|0x0000000711e00000, 0x0000000711e00000, 0x0000000712000000|  0%| F|  |TAMS 0x0000000711e00000, 0x0000000711e00000| Untracked 
| 144|0x0000000712000000, 0x0000000712000000, 0x0000000712200000|  0%| F|  |TAMS 0x0000000712000000, 0x0000000712000000| Untracked 
| 145|0x0000000712200000, 0x0000000712200000, 0x0000000712400000|  0%| F|  |TAMS 0x0000000712200000, 0x0000000712200000| Untracked 
| 146|0x0000000712400000, 0x0000000712400000, 0x0000000712600000|  0%| F|  |TAMS 0x0000000712400000, 0x0000000712400000| Untracked 
| 147|0x0000000712600000, 0x0000000712600000, 0x0000000712800000|  0%| F|  |TAMS 0x0000000712600000, 0x0000000712600000| Untracked 
| 148|0x0000000712800000, 0x0000000712800000, 0x0000000712a00000|  0%| F|  |TAMS 0x0000000712800000, 0x0000000712800000| Untracked 
| 149|0x0000000712a00000, 0x0000000712a00000, 0x0000000712c00000|  0%| F|  |TAMS 0x0000000712a00000, 0x0000000712a00000| Untracked 
| 150|0x0000000712c00000, 0x0000000712c00000, 0x0000000712e00000|  0%| F|  |TAMS 0x0000000712c00000, 0x0000000712c00000| Untracked 
| 151|0x0000000712e00000, 0x0000000712e00000, 0x0000000713000000|  0%| F|  |TAMS 0x0000000712e00000, 0x0000000712e00000| Untracked 
| 152|0x0000000713000000, 0x0000000713000000, 0x0000000713200000|  0%| F|  |TAMS 0x0000000713000000, 0x0000000713000000| Untracked 
| 153|0x0000000713200000, 0x0000000713200000, 0x0000000713400000|  0%| F|  |TAMS 0x0000000713200000, 0x0000000713200000| Untracked 
| 154|0x0000000713400000, 0x0000000713400000, 0x0000000713600000|  0%| F|  |TAMS 0x0000000713400000, 0x0000000713400000| Untracked 
| 155|0x0000000713600000, 0x0000000713600000, 0x0000000713800000|  0%| F|  |TAMS 0x0000000713600000, 0x0000000713600000| Untracked 
| 156|0x0000000713800000, 0x0000000713800000, 0x0000000713a00000|  0%| F|  |TAMS 0x0000000713800000, 0x0000000713800000| Untracked 
| 157|0x0000000713a00000, 0x0000000713a00000, 0x0000000713c00000|  0%| F|  |TAMS 0x0000000713a00000, 0x0000000713a00000| Untracked 
| 158|0x0000000713c00000, 0x0000000713c00000, 0x0000000713e00000|  0%| F|  |TAMS 0x0000000713c00000, 0x0000000713c00000| Untracked 
| 159|0x0000000713e00000, 0x0000000713e00000, 0x0000000714000000|  0%| F|  |TAMS 0x0000000713e00000, 0x0000000713e00000| Untracked 
| 160|0x0000000714000000, 0x0000000714000000, 0x0000000714200000|  0%| F|  |TAMS 0x0000000714000000, 0x0000000714000000| Untracked 
| 161|0x0000000714200000, 0x0000000714200000, 0x0000000714400000|  0%| F|  |TAMS 0x0000000714200000, 0x0000000714200000| Untracked 
| 162|0x0000000714400000, 0x0000000714400000, 0x0000000714600000|  0%| F|  |TAMS 0x0000000714400000, 0x0000000714400000| Untracked 
| 163|0x0000000714600000, 0x0000000714600000, 0x0000000714800000|  0%| F|  |TAMS 0x0000000714600000, 0x0000000714600000| Untracked 
| 164|0x0000000714800000, 0x0000000714800000, 0x0000000714a00000|  0%| F|  |TAMS 0x0000000714800000, 0x0000000714800000| Untracked 
| 165|0x0000000714a00000, 0x0000000714a00000, 0x0000000714c00000|  0%| F|  |TAMS 0x0000000714a00000, 0x0000000714a00000| Untracked 
| 166|0x0000000714c00000, 0x0000000714c00000, 0x0000000714e00000|  0%| F|  |TAMS 0x0000000714c00000, 0x0000000714c00000| Untracked 
| 167|0x0000000714e00000, 0x0000000714e00000, 0x0000000715000000|  0%| F|  |TAMS 0x0000000714e00000, 0x0000000714e00000| Untracked 
| 168|0x0000000715000000, 0x0000000715000000, 0x0000000715200000|  0%| F|  |TAMS 0x0000000715000000, 0x0000000715000000| Untracked 
| 169|0x0000000715200000, 0x0000000715200000, 0x0000000715400000|  0%| F|  |TAMS 0x0000000715200000, 0x0000000715200000| Untracked 
| 170|0x0000000715400000, 0x0000000715400000, 0x0000000715600000|  0%| F|  |TAMS 0x0000000715400000, 0x0000000715400000| Untracked 
| 171|0x0000000715600000, 0x0000000715600000, 0x0000000715800000|  0%| F|  |TAMS 0x0000000715600000, 0x0000000715600000| Untracked 
| 172|0x0000000715800000, 0x0000000715800000, 0x0000000715a00000|  0%| F|  |TAMS 0x0000000715800000, 0x0000000715800000| Untracked 
| 173|0x0000000715a00000, 0x0000000715a00000, 0x0000000715c00000|  0%| F|  |TAMS 0x0000000715a00000, 0x0000000715a00000| Untracked 
| 174|0x0000000715c00000, 0x0000000715c00000, 0x0000000715e00000|  0%| F|  |TAMS 0x0000000715c00000, 0x0000000715c00000| Untracked 

Card table byte_map: [0x0000020a4ef80000,0x0000020a4f780000] _byte_map_base: 0x0000020a4b780000

Marking Bits (Prev, Next): (CMBitMap*) 0x0000020a3773f790, (CMBitMap*) 0x0000020a3773f750
 Prev Bits: [0x0000020a53f80000, 0x0000020a57f80000)
 Next Bits: [0x0000020a4ff80000, 0x0000020a53f80000)

Polling page: 0x0000020a35640000

Metaspace:

Usage:
  Non-class:    126.10 MB used.
      Class:     18.54 MB used.
       Both:    144.64 MB used.

Virtual space:
  Non-class space:      128.00 MB reserved,     126.62 MB ( 99%) committed,  2 nodes.
      Class space:        1.00 GB reserved,      19.06 MB (  2%) committed,  1 nodes.
             Both:        1.12 GB reserved,     145.69 MB ( 13%) committed. 

Chunk freelists:
   Non-Class:  1.05 MB
       Class:  12.80 MB
        Both:  13.84 MB

MaxMetaspaceSize: 2.00 GB
CompressedClassSpaceSize: 1.00 GB
Initial GC threshold: 21.00 MB
Current GC threshold: 208.44 MB
CDS: on
MetaspaceReclaimPolicy: balanced
 - commit_granule_bytes: 65536.
 - commit_granule_words: 8192.
 - virtual_space_node_default_size: 8388608.
 - enlarge_chunks_in_place: 1.
 - new_chunks_are_fully_committed: 0.
 - uncommit_free_chunks: 1.
 - use_allocation_guard: 0.
 - handle_deallocations: 1.


Internal statistics:

num_allocs_failed_limit: 9.
num_arena_births: 1378.
num_arena_deaths: 24.
num_vsnodes_births: 3.
num_vsnodes_deaths: 0.
num_space_committed: 2329.
num_space_uncommitted: 0.
num_chunks_returned_to_freelist: 49.
num_chunks_taken_from_freelist: 7189.
num_chunk_merges: 17.
num_chunk_splits: 5233.
num_chunks_enlarged: 3973.
num_inconsistent_stats: 0.

CodeHeap 'non-profiled nmethods': size=120000Kb used=10167Kb max_used=10167Kb free=109832Kb
 bounds [0x0000020a46cf0000, 0x0000020a476e0000, 0x0000020a4e220000]
CodeHeap 'profiled nmethods': size=120000Kb used=39082Kb max_used=39082Kb free=80917Kb
 bounds [0x0000020a3f220000, 0x0000020a41850000, 0x0000020a46750000]
CodeHeap 'non-nmethods': size=5760Kb used=2585Kb max_used=2650Kb free=3174Kb
 bounds [0x0000020a46750000, 0x0000020a469f0000, 0x0000020a46cf0000]
 total_blobs=19356 nmethods=18212 adapters=1052
 compilation: enabled
              stopped_count=0, restarted_count=0
 full_count=0

Compilation events (20 events):
Event: 47.240 Thread 0x0000020a5a7cf860 nmethod 21216 0x0000020a41843510 code [0x0000020a41843720, 0x0000020a41843d88]
Event: 47.240 Thread 0x0000020a5a7cf860 21222       3       org.jetbrains.kotlin.types.AbstractTypeChecker::completeIsSubTypeOf (135 bytes)
Event: 47.241 Thread 0x0000020a5a7cf860 nmethod 21222 0x0000020a41844010 code [0x0000020a418444a0, 0x0000020a41846438]
Event: 47.241 Thread 0x0000020a5a7cf860 21220       3       org.jetbrains.kotlin.resolve.calls.inference.model.NewConstraintSystemImpl::isStubType (18 bytes)
Event: 47.242 Thread 0x0000020a5a7cf860 nmethod 21220 0x0000020a41846f90 code [0x0000020a418471a0, 0x0000020a41847808]
Event: 47.242 Thread 0x0000020a5a7cf860 21224       3       org.jetbrains.kotlin.descriptors.impl.AbstractTypeParameterDescriptor::getTypeConstructor (22 bytes)
Event: 47.242 Thread 0x0000020a5a7cf860 nmethod 21224 0x0000020a41847a90 code [0x0000020a41847c40, 0x0000020a41847f98]
Event: 47.242 Thread 0x0000020a5a7cf860 21217       3       org.jetbrains.kotlin.types.checker.SimpleClassicTypeSystemContext::isStubType (6 bytes)
Event: 47.242 Thread 0x0000020a5a7cf860 nmethod 21217 0x0000020a41848090 code [0x0000020a41848220, 0x0000020a41848348]
Event: 47.242 Thread 0x0000020a5a7cf860 21219       3       javaslang.control.Option::getOrElse (20 bytes)
Event: 47.242 Thread 0x0000020a5a7cf860 nmethod 21219 0x0000020a41848410 code [0x0000020a418485c0, 0x0000020a418488b8]
Event: 47.242 Thread 0x0000020a5a7cf860 21218       3       org.jetbrains.kotlin.types.checker.SimpleClassicTypeSystemContext::isIntersection (6 bytes)
Event: 47.242 Thread 0x0000020a5a7cf860 nmethod 21218 0x0000020a41848990 code [0x0000020a41848b20, 0x0000020a41848c48]
Event: 47.242 Thread 0x0000020a5a7cf860 21223       3       org.jetbrains.kotlin.resolve.calls.components.ClassicTypeSystemContextForCS::newTypeCheckerState (18 bytes)
Event: 47.242 Thread 0x0000020a5a7cf860 nmethod 21223 0x0000020a41848d10 code [0x0000020a41848ec0, 0x0000020a41849028]
Event: 47.242 Thread 0x0000020a5a7cf860 21201       3       org.jetbrains.kotlin.resolve.calls.components.ClassicTypeSystemContextForCS::isCommonFinalClassConstructor (6 bytes)
Event: 47.243 Thread 0x0000020a5a7cf860 nmethod 21201 0x0000020a41849110 code [0x0000020a418492a0, 0x0000020a418493c8]
Event: 47.243 Thread 0x0000020a5a7cf860 21203   !   3       java.util.AbstractList$Itr::remove (81 bytes)
Event: 47.243 Thread 0x0000020a5a7cf860 nmethod 21203 0x0000020a41849490 code [0x0000020a41849680, 0x0000020a41849c18]
Event: 47.243 Thread 0x0000020a5a7cf860 21197       3       org.jetbrains.kotlin.resolve.calls.inference.model.NewConstraintSystemImpl::isNotNullTypeParameter (18 bytes)

GC Heap History (20 events):
Event: 34.289 GC heap after
{Heap after GC invocations=51 (full 0):
 garbage-first heap   total 178176K, used 97893K [0x0000000700000000, 0x0000000800000000)
  region size 2048K, 4 young (8192K), 4 survivors (8192K)
 Metaspace       used 126486K, committed 127296K, reserved 1179648K
  class space    used 16554K, committed 16960K, reserved 1048576K
}
Event: 34.307 GC heap before
{Heap before GC invocations=51 (full 0):
 garbage-first heap   total 178176K, used 99941K [0x0000000700000000, 0x0000000800000000)
  region size 2048K, 5 young (10240K), 4 survivors (8192K)
 Metaspace       used 126555K, committed 127360K, reserved 1179648K
  class space    used 16574K, committed 16960K, reserved 1048576K
}
Event: 34.314 GC heap after
{Heap after GC invocations=52 (full 0):
 garbage-first heap   total 178176K, used 91693K [0x0000000700000000, 0x0000000800000000)
  region size 2048K, 1 young (2048K), 1 survivors (2048K)
 Metaspace       used 126555K, committed 127360K, reserved 1179648K
  class space    used 16574K, committed 16960K, reserved 1048576K
}
Event: 34.946 GC heap before
{Heap before GC invocations=52 (full 0):
 garbage-first heap   total 178176K, used 142893K [0x0000000700000000, 0x0000000800000000)
  region size 2048K, 26 young (53248K), 1 survivors (2048K)
 Metaspace       used 127197K, committed 128064K, reserved 1179648K
  class space    used 16659K, committed 17088K, reserved 1048576K
}
Event: 34.951 GC heap after
{Heap after GC invocations=53 (full 0):
 garbage-first heap   total 358400K, used 98911K [0x0000000700000000, 0x0000000800000000)
  region size 2048K, 3 young (6144K), 3 survivors (6144K)
 Metaspace       used 127197K, committed 128064K, reserved 1179648K
  class space    used 16659K, committed 17088K, reserved 1048576K
}
Event: 37.833 GC heap before
{Heap before GC invocations=54 (full 0):
 garbage-first heap   total 358400K, used 272991K [0x0000000700000000, 0x0000000800000000)
  region size 2048K, 86 young (176128K), 3 survivors (6144K)
 Metaspace       used 134842K, committed 135680K, reserved 1179648K
  class space    used 17595K, committed 17984K, reserved 1048576K
}
Event: 37.847 GC heap after
{Heap after GC invocations=55 (full 0):
 garbage-first heap   total 358400K, used 120716K [0x0000000700000000, 0x0000000800000000)
  region size 2048K, 11 young (22528K), 11 survivors (22528K)
 Metaspace       used 134842K, committed 135680K, reserved 1179648K
  class space    used 17595K, committed 17984K, reserved 1048576K
}
Event: 37.869 GC heap before
{Heap before GC invocations=55 (full 0):
 garbage-first heap   total 358400K, used 122764K [0x0000000700000000, 0x0000000800000000)
  region size 2048K, 12 young (24576K), 11 survivors (22528K)
 Metaspace       used 134972K, committed 135872K, reserved 1179648K
  class space    used 17608K, committed 18048K, reserved 1048576K
}
Event: 37.915 GC heap after
{Heap after GC invocations=56 (full 0):
 garbage-first heap   total 358400K, used 120783K [0x0000000700000000, 0x0000000800000000)
  region size 2048K, 1 young (2048K), 1 survivors (2048K)
 Metaspace       used 134972K, committed 135872K, reserved 1179648K
  class space    used 17608K, committed 18048K, reserved 1048576K
}
Event: 40.983 GC heap before
{Heap before GC invocations=56 (full 0):
 garbage-first heap   total 358400K, used 278479K [0x0000000700000000, 0x0000000800000000)
  region size 2048K, 76 young (155648K), 1 survivors (2048K)
 Metaspace       used 142614K, committed 143680K, reserved 1179648K
  class space    used 18623K, committed 19136K, reserved 1048576K
}
Event: 40.989 GC heap after
{Heap after GC invocations=57 (full 0):
 garbage-first heap   total 358400K, used 132921K [0x0000000700000000, 0x0000000800000000)
  region size 2048K, 5 young (10240K), 5 survivors (10240K)
 Metaspace       used 142614K, committed 143680K, reserved 1179648K
  class space    used 18623K, committed 19136K, reserved 1048576K
}
Event: 42.052 GC heap before
{Heap before GC invocations=57 (full 0):
 garbage-first heap   total 358400K, used 294713K [0x0000000700000000, 0x0000000800000000)
  region size 2048K, 78 young (159744K), 5 survivors (10240K)
 Metaspace       used 142943K, committed 143936K, reserved 1179648K
  class space    used 18644K, committed 19136K, reserved 1048576K
}
Event: 42.076 GC heap after
{Heap after GC invocations=58 (full 0):
 garbage-first heap   total 358400K, used 170485K [0x0000000700000000, 0x0000000800000000)
  region size 2048K, 10 young (20480K), 10 survivors (20480K)
 Metaspace       used 142943K, committed 143936K, reserved 1179648K
  class space    used 18644K, committed 19136K, reserved 1048576K
}
Event: 43.794 GC heap before
{Heap before GC invocations=58 (full 0):
 garbage-first heap   total 358400K, used 272885K [0x0000000700000000, 0x0000000800000000)
  region size 2048K, 60 young (122880K), 10 survivors (20480K)
 Metaspace       used 144195K, committed 145216K, reserved 1179648K
  class space    used 18688K, committed 19200K, reserved 1048576K
}
Event: 43.814 GC heap after
{Heap after GC invocations=59 (full 0):
 garbage-first heap   total 358400K, used 183509K [0x0000000700000000, 0x0000000800000000)
  region size 2048K, 6 young (12288K), 6 survivors (12288K)
 Metaspace       used 144195K, committed 145216K, reserved 1179648K
  class space    used 18688K, committed 19200K, reserved 1048576K
}
Event: 44.560 GC heap before
{Heap before GC invocations=59 (full 0):
 garbage-first heap   total 358400K, used 298197K [0x0000000700000000, 0x0000000800000000)
  region size 2048K, 53 young (108544K), 6 survivors (12288K)
 Metaspace       used 144331K, committed 145408K, reserved 1179648K
  class space    used 18690K, committed 19200K, reserved 1048576K
}
Event: 44.576 GC heap after
{Heap after GC invocations=60 (full 0):
 garbage-first heap   total 358400K, used 209966K [0x0000000700000000, 0x0000000800000000)
  region size 2048K, 7 young (14336K), 7 survivors (14336K)
 Metaspace       used 144331K, committed 145408K, reserved 1179648K
  class space    used 18690K, committed 19200K, reserved 1048576K
}
Event: 45.161 GC heap before
{Heap before GC invocations=60 (full 0):
 garbage-first heap   total 358400K, used 287790K [0x0000000700000000, 0x0000000800000000)
  region size 2048K, 42 young (86016K), 7 survivors (14336K)
 Metaspace       used 145066K, committed 146112K, reserved 1179648K
  class space    used 18758K, committed 19264K, reserved 1048576K
}
Event: 45.170 GC heap after
{Heap after GC invocations=61 (full 0):
 garbage-first heap   total 358400K, used 219988K [0x0000000700000000, 0x0000000800000000)
  region size 2048K, 5 young (10240K), 5 survivors (10240K)
 Metaspace       used 145066K, committed 146112K, reserved 1179648K
  class space    used 18758K, committed 19264K, reserved 1048576K
}
Event: 47.244 GC heap before
{Heap before GC invocations=61 (full 0):
 garbage-first heap   total 358400K, used 287572K [0x0000000700000000, 0x0000000800000000)
  region size 2048K, 38 young (77824K), 5 survivors (10240K)
 Metaspace       used 148113K, committed 149184K, reserved 1179648K
  class space    used 18982K, committed 19520K, reserved 1048576K
}

Dll operation events (15 events):
Event: 0.014 Loaded shared library C:\Program Files\Eclipse Adoptium\jdk-17.0.15.6-hotspot\bin\java.dll
Event: 0.032 Loaded shared library C:\Program Files\Eclipse Adoptium\jdk-17.0.15.6-hotspot\bin\jsvml.dll
Event: 0.091 Loaded shared library C:\Program Files\Eclipse Adoptium\jdk-17.0.15.6-hotspot\bin\zip.dll
Event: 0.095 Loaded shared library C:\Program Files\Eclipse Adoptium\jdk-17.0.15.6-hotspot\bin\instrument.dll
Event: 0.101 Loaded shared library C:\Program Files\Eclipse Adoptium\jdk-17.0.15.6-hotspot\bin\net.dll
Event: 0.105 Loaded shared library C:\Program Files\Eclipse Adoptium\jdk-17.0.15.6-hotspot\bin\nio.dll
Event: 0.108 Loaded shared library C:\Program Files\Eclipse Adoptium\jdk-17.0.15.6-hotspot\bin\zip.dll
Event: 0.339 Loaded shared library C:\Program Files\Eclipse Adoptium\jdk-17.0.15.6-hotspot\bin\jimage.dll
Event: 0.415 Loaded shared library C:\Program Files\Eclipse Adoptium\jdk-17.0.15.6-hotspot\bin\verify.dll
Event: 0.583 Loaded shared library C:\Users\Admin\.gradle\native\c067742578af261105cb4f569cf0c3c89f3d7b1fecec35dd04571415982c5e48\windows-amd64\native-platform.dll
Event: 0.603 Loaded shared library C:\Users\Admin\.gradle\native\38dada09dfb8b06ba9b0570ebf7e218e3eb74d4ef43ca46872605cf95ebc2f47\windows-amd64\native-platform-file-events.dll
Event: 1.604 Loaded shared library C:\Program Files\Eclipse Adoptium\jdk-17.0.15.6-hotspot\bin\management.dll
Event: 1.611 Loaded shared library C:\Program Files\Eclipse Adoptium\jdk-17.0.15.6-hotspot\bin\management_ext.dll
Event: 1.912 Loaded shared library C:\Program Files\Eclipse Adoptium\jdk-17.0.15.6-hotspot\bin\extnet.dll
Event: 2.292 Loaded shared library C:\Program Files\Eclipse Adoptium\jdk-17.0.15.6-hotspot\bin\sunmscapi.dll

Deoptimization events (20 events):
Event: 46.712 Thread 0x0000020aa00eb770 Uncommon trap: trap_request=0xffffff66 fr.pc=0x0000020a4768f7f4 relative=0x0000000000002394
Event: 46.712 Thread 0x0000020aa00eb770 Uncommon trap: reason=speculate_class_check action=maybe_recompile pc=0x0000020a4768f7f4 method=org.jetbrains.kotlin.types.checker.ClassicTypeSystemContext$DefaultImpls.asFlexibleType(Lorg/jetbrains/kotlin/types/checker/ClassicTypeSystemContext;Lorg/jetbr
Event: 46.712 Thread 0x0000020aa00eb770 DEOPT PACKING pc=0x0000020a4768f7f4 sp=0x00000024d02ebb40
Event: 46.712 Thread 0x0000020aa00eb770 DEOPT UNPACKING pc=0x0000020a467a69a3 sp=0x00000024d02eb8d0 mode 2
Event: 46.712 Thread 0x0000020aa00eb770 Uncommon trap: trap_request=0xffffff66 fr.pc=0x0000020a4768f7f4 relative=0x0000000000002394
Event: 46.712 Thread 0x0000020aa00eb770 Uncommon trap: reason=speculate_class_check action=maybe_recompile pc=0x0000020a4768f7f4 method=org.jetbrains.kotlin.types.checker.ClassicTypeSystemContext$DefaultImpls.asFlexibleType(Lorg/jetbrains/kotlin/types/checker/ClassicTypeSystemContext;Lorg/jetbr
Event: 46.712 Thread 0x0000020aa00eb770 DEOPT PACKING pc=0x0000020a4768f7f4 sp=0x00000024d02ebaf0
Event: 46.712 Thread 0x0000020aa00eb770 DEOPT UNPACKING pc=0x0000020a467a69a3 sp=0x00000024d02eb880 mode 2
Event: 46.712 Thread 0x0000020aa00eb770 Uncommon trap: trap_request=0xffffff66 fr.pc=0x0000020a4768f7f4 relative=0x0000000000002394
Event: 46.712 Thread 0x0000020aa00eb770 Uncommon trap: reason=speculate_class_check action=maybe_recompile pc=0x0000020a4768f7f4 method=org.jetbrains.kotlin.types.checker.ClassicTypeSystemContext$DefaultImpls.asFlexibleType(Lorg/jetbrains/kotlin/types/checker/ClassicTypeSystemContext;Lorg/jetbr
Event: 46.712 Thread 0x0000020aa00eb770 DEOPT PACKING pc=0x0000020a4768f7f4 sp=0x00000024d02eb990
Event: 46.712 Thread 0x0000020aa00eb770 DEOPT UNPACKING pc=0x0000020a467a69a3 sp=0x00000024d02eb720 mode 2
Event: 46.712 Thread 0x0000020aa00eb770 Uncommon trap: trap_request=0xffffff66 fr.pc=0x0000020a4768f7f4 relative=0x0000000000002394
Event: 46.712 Thread 0x0000020aa00eb770 Uncommon trap: reason=speculate_class_check action=maybe_recompile pc=0x0000020a4768f7f4 method=org.jetbrains.kotlin.types.checker.ClassicTypeSystemContext$DefaultImpls.asFlexibleType(Lorg/jetbrains/kotlin/types/checker/ClassicTypeSystemContext;Lorg/jetbr
Event: 46.712 Thread 0x0000020aa00eb770 DEOPT PACKING pc=0x0000020a4768f7f4 sp=0x00000024d02eb990
Event: 46.712 Thread 0x0000020aa00eb770 DEOPT UNPACKING pc=0x0000020a467a69a3 sp=0x00000024d02eb720 mode 2
Event: 46.768 Thread 0x0000020aa00eb770 Uncommon trap: trap_request=0xffffff45 fr.pc=0x0000020a4767e07c relative=0x0000000000000e7c
Event: 46.768 Thread 0x0000020aa00eb770 Uncommon trap: reason=unstable_if action=reinterpret pc=0x0000020a4767e07c method=org.jetbrains.kotlin.load.kotlin.FileBasedKotlinClass.resolveNameByInternalName(Ljava/lang/String;Lorg/jetbrains/kotlin/load/kotlin/FileBasedKotlinClass$InnerClassesInfo;)Lo
Event: 46.768 Thread 0x0000020aa00eb770 DEOPT PACKING pc=0x0000020a4767e07c sp=0x00000024d02e80e0
Event: 46.768 Thread 0x0000020aa00eb770 DEOPT UNPACKING pc=0x0000020a467a69a3 sp=0x00000024d02e80a8 mode 2

Classes loaded (20 events):
Event: 40.801 Loading class java/util/LinkedHashMapBeanInfo
Event: 40.801 Loading class java/util/LinkedHashMapBeanInfo done
Event: 40.801 Loading class java/util/LinkedHashMapBeanInfo
Event: 40.801 Loading class java/util/LinkedHashMapBeanInfo done
Event: 40.801 Loading class java/util/HashMapBeanInfo
Event: 40.801 Loading class java/util/HashMapBeanInfo done
Event: 40.802 Loading class java/util/HashMapBeanInfo
Event: 40.802 Loading class java/util/HashMapBeanInfo done
Event: 40.802 Loading class java/util/HashMapCustomizer
Event: 40.802 Loading class java/util/HashMapCustomizer done
Event: 40.802 Loading class java/util/HashMapCustomizer
Event: 40.802 Loading class java/util/HashMapCustomizer done
Event: 40.803 Loading class java/util/LinkedHashMapCustomizer
Event: 40.803 Loading class java/util/LinkedHashMapCustomizer done
Event: 40.804 Loading class java/util/LinkedHashMapCustomizer
Event: 40.804 Loading class java/util/LinkedHashMapCustomizer done
Event: 40.811 Loading class jdk/internal/loader/URLClassPath$JarLoader$3
Event: 40.811 Loading class jdk/internal/loader/URLClassPath$JarLoader$3 done
Event: 41.321 Loading class jdk/internal/reflect/UnsafeStaticObjectFieldAccessorImpl
Event: 41.322 Loading class jdk/internal/reflect/UnsafeStaticObjectFieldAccessorImpl done

Classes unloaded (20 events):
Event: 7.670 Thread 0x0000020a5a79cc80 Unloading class 0x0000020a5c331000 'java/lang/invoke/LambdaForm$DMH+0x0000020a5c331000'
Event: 7.670 Thread 0x0000020a5a79cc80 Unloading class 0x0000020a5c330000 'java/lang/invoke/LambdaForm$DMH+0x0000020a5c330000'
Event: 7.670 Thread 0x0000020a5a79cc80 Unloading class 0x0000020a5c330400 'java/lang/invoke/LambdaForm$DMH+0x0000020a5c330400'
Event: 7.670 Thread 0x0000020a5a79cc80 Unloading class 0x0000020a5c32d800 'java/lang/invoke/LambdaForm$DMH+0x0000020a5c32d800'
Event: 7.670 Thread 0x0000020a5a79cc80 Unloading class 0x0000020a5c32d400 'java/lang/invoke/LambdaForm$DMH+0x0000020a5c32d400'
Event: 12.360 Thread 0x0000020a5a79cc80 Unloading class 0x0000020a5c60c000 '_BuildScript_'
Event: 12.360 Thread 0x0000020a5a79cc80 Unloading class 0x0000020a5c601918 '_BuildScript_$_run_closure1$_closure2'
Event: 12.360 Thread 0x0000020a5a79cc80 Unloading class 0x0000020a5c601530 '_BuildScript_$_run_closure1'
Event: 12.360 Thread 0x0000020a5a79cc80 Unloading class 0x0000020a5c601000 '_BuildScript_'
Event: 12.360 Thread 0x0000020a5a79cc80 Unloading class 0x0000020a5c5be000 '_BuildScript_$_run_closure1$_closure2'
Event: 12.360 Thread 0x0000020a5a79cc80 Unloading class 0x0000020a5c5bd918 '_BuildScript_$_run_closure1'
Event: 12.360 Thread 0x0000020a5a79cc80 Unloading class 0x0000020a5c5bd3e8 '_BuildScript_'
Event: 12.360 Thread 0x0000020a5a79cc80 Unloading class 0x0000020a5c5bd000 'ProtobufPatchPlugin$_apply_closure1$_closure2$_closure3$_closure4'
Event: 12.360 Thread 0x0000020a5a79cc80 Unloading class 0x0000020a5c5bca98 'ProtobufPatchPlugin$_apply_closure1$_closure2$_closure3'
Event: 12.360 Thread 0x0000020a5a79cc80 Unloading class 0x0000020a5c5bc6b0 'ProtobufPatchPlugin$_apply_closure1$_closure2'
Event: 12.360 Thread 0x0000020a5a79cc80 Unloading class 0x0000020a5c5bc2c8 'ProtobufPatchPlugin$_apply_closure1'
Event: 12.360 Thread 0x0000020a5a79cc80 Unloading class 0x0000020a5c5bc000 'ProtobufPatchPlugin'
Event: 12.360 Thread 0x0000020a5a79cc80 Unloading class 0x0000020a5c534918 '_BuildScript_$_run_closure1$_closure2'
Event: 12.360 Thread 0x0000020a5a79cc80 Unloading class 0x0000020a5c534530 '_BuildScript_$_run_closure1'
Event: 12.360 Thread 0x0000020a5a79cc80 Unloading class 0x0000020a5c534000 '_BuildScript_'

Classes redefined (0 events):
No events

Internal exceptions (20 events):
Event: 40.801 Thread 0x0000020aa00eb770 Exception <a 'java/lang/ClassNotFoundException'{0x000000070caf2148}: java/util/LinkedHashMapBeanInfo> (0x000000070caf2148) 
thrown [s\src\hotspot\share\classfile\systemDictionary.cpp, line 256]
Event: 40.802 Thread 0x0000020aa00eb770 Exception <a 'java/lang/ClassNotFoundException'{0x000000070cafcfd0}: java/util/HashMapBeanInfo> (0x000000070cafcfd0) 
thrown [s\src\hotspot\share\classfile\systemDictionary.cpp, line 256]
Event: 40.802 Thread 0x0000020aa00eb770 Exception <a 'java/lang/ClassNotFoundException'{0x000000070cb13018}: java/util/HashMapCustomizer> (0x000000070cb13018) 
thrown [s\src\hotspot\share\classfile\systemDictionary.cpp, line 256]
Event: 40.804 Thread 0x0000020aa00eb770 Exception <a 'java/lang/ClassNotFoundException'{0x000000070cb6bd80}: java/util/LinkedHashMapCustomizer> (0x000000070cb6bd80) 
thrown [s\src\hotspot\share\classfile\systemDictionary.cpp, line 256]
Event: 40.809 Thread 0x0000020aa00eb770 Implicit null exception at 0x0000020a470aec10 to 0x0000020a470afcf0
Event: 40.813 Thread 0x0000020aa00eb770 Exception <a 'java/lang/ClassNotFoundException'{0x000000070c810ba0}: org/apache/tools/ant/taskdefs/condition/OsBeanInfo> (0x000000070c810ba0) 
thrown [s\src\hotspot\share\classfile\systemDictionary.cpp, line 256]
Event: 40.816 Thread 0x0000020aa00eb770 Exception <a 'java/lang/ClassNotFoundException'{0x000000070c843998}: org/apache/tools/ant/taskdefs/condition/OsCustomizer> (0x000000070c843998) 
thrown [s\src\hotspot\share\classfile\systemDictionary.cpp, line 256]
Event: 41.316 Thread 0x0000020aa00eb770 Exception <a 'sun/nio/fs/WindowsException'{0x00000007136b0668}> (0x00000007136b0668) 
thrown [s\src\hotspot\share\prims\jni.cpp, line 516]
Event: 41.317 Thread 0x0000020aa00eb770 Exception <a 'sun/nio/fs/WindowsException'{0x00000007136b31a8}> (0x00000007136b31a8) 
thrown [s\src\hotspot\share\prims\jni.cpp, line 516]
Event: 43.295 Thread 0x0000020aa20cad20 Exception <a 'sun/nio/fs/WindowsException'{0x000000071113e3d0}> (0x000000071113e3d0) 
thrown [s\src\hotspot\share\prims\jni.cpp, line 516]
Event: 43.296 Thread 0x0000020aa20cad20 Exception <a 'sun/nio/fs/WindowsException'{0x000000071113e9c0}> (0x000000071113e9c0) 
thrown [s\src\hotspot\share\prims\jni.cpp, line 516]
Event: 43.309 Thread 0x0000020aa20cad20 Exception <a 'sun/nio/fs/WindowsException'{0x0000000711183e88}> (0x0000000711183e88) 
thrown [s\src\hotspot\share\prims\jni.cpp, line 516]
Event: 43.310 Thread 0x0000020aa20cad20 Exception <a 'sun/nio/fs/WindowsException'{0x0000000711184000}> (0x0000000711184000) 
thrown [s\src\hotspot\share\prims\jni.cpp, line 516]
Event: 43.320 Thread 0x0000020aa00eb770 Implicit null exception at 0x0000020a46f9390f to 0x0000020a46f93f9c
Event: 43.933 Thread 0x0000020aa00eb770 Exception <a 'sun/nio/fs/WindowsException'{0x0000000715358300}> (0x0000000715358300) 
thrown [s\src\hotspot\share\prims\jni.cpp, line 516]
Event: 43.933 Thread 0x0000020aa00eb770 Exception <a 'sun/nio/fs/WindowsException'{0x000000071535ae40}> (0x000000071535ae40) 
thrown [s\src\hotspot\share\prims\jni.cpp, line 516]
Event: 43.946 Thread 0x0000020aa00eb770 Exception <a 'java/lang/NoSuchMethodError'{0x00000007153834b8}: 'int java.lang.invoke.DirectMethodHandle$Holder.invokeSpecial(java.lang.Object, java.lang.Object, int, int)'> (0x00000007153834b8) 
thrown [s\src\hotspot\share\interpreter\linkResolver.cpp, line 759]
Event: 44.991 Thread 0x0000020aa00eb770 Exception <a 'java/lang/NoSuchMethodError'{0x0000000712181df0}: 'java.lang.Object java.lang.invoke.DirectMethodHandle$Holder.invokeStatic(java.lang.Object, int, java.lang.Object, java.lang.Object)'> (0x0000000712181df0) 
thrown [s\src\hotspot\share\interpreter\linkResolver.cpp, line 759]
Event: 45.264 Thread 0x0000020aa00eb770 Exception <a 'java/lang/NoSuchMethodError'{0x0000000715bc0528}: 'int java.lang.invoke.DirectMethodHandle$Holder.invokeStaticInit(java.lang.Object, int)'> (0x0000000715bc0528) 
thrown [s\src\hotspot\share\interpreter\linkResolver.cpp, line 759]
Event: 46.646 Thread 0x0000020aa00eb770 Exception <a 'java/lang/NoSuchMethodError'{0x0000000712fae188}: 'java.lang.Object java.lang.invoke.DirectMethodHandle$Holder.invokeStatic(java.lang.Object, int, java.lang.Object)'> (0x0000000712fae188) 
thrown [s\src\hotspot\share\interpreter\linkResolver.cpp, line 759]

VM Operations (20 events):
Event: 46.486 Executing VM operation: ICBufferFull done
Event: 46.557 Executing VM operation: ICBufferFull
Event: 46.557 Executing VM operation: ICBufferFull done
Event: 46.642 Executing VM operation: ICBufferFull
Event: 46.643 Executing VM operation: ICBufferFull done
Event: 46.651 Executing VM operation: HandshakeAllThreads
Event: 46.651 Executing VM operation: HandshakeAllThreads done
Event: 46.797 Executing VM operation: ICBufferFull
Event: 46.797 Executing VM operation: ICBufferFull done
Event: 46.833 Executing VM operation: HandshakeAllThreads
Event: 46.833 Executing VM operation: HandshakeAllThreads done
Event: 46.917 Executing VM operation: ICBufferFull
Event: 46.917 Executing VM operation: ICBufferFull done
Event: 47.084 Executing VM operation: ICBufferFull
Event: 47.084 Executing VM operation: ICBufferFull done
Event: 47.156 Executing VM operation: ICBufferFull
Event: 47.156 Executing VM operation: ICBufferFull done
Event: 47.242 Executing VM operation: HandshakeAllThreads
Event: 47.242 Executing VM operation: HandshakeAllThreads done
Event: 47.244 Executing VM operation: G1CollectForAllocation

Memory protections (0 events):
No events

Nmethod flushes (20 events):
Event: 42.012 Thread 0x0000020a5a7d0a40 flushing  nmethod 0x0000020a40e3a990
Event: 42.012 Thread 0x0000020a5a7d0a40 flushing  nmethod 0x0000020a40e3b090
Event: 42.012 Thread 0x0000020a5a7d0a40 flushing  nmethod 0x0000020a40e3ba90
Event: 42.012 Thread 0x0000020a5a7d0a40 flushing  nmethod 0x0000020a40e3cb10
Event: 42.012 Thread 0x0000020a5a7d0a40 flushing  nmethod 0x0000020a40eb1a90
Event: 42.012 Thread 0x0000020a5a7d0a40 flushing osr nmethod 0x0000020a40eb2610
Event: 42.012 Thread 0x0000020a5a7d0a40 flushing  nmethod 0x0000020a40ebdf10
Event: 42.012 Thread 0x0000020a5a7d0a40 flushing  nmethod 0x0000020a40ebf290
Event: 42.012 Thread 0x0000020a5a7d0a40 flushing  nmethod 0x0000020a40ebfa10
Event: 42.012 Thread 0x0000020a5a7d0a40 flushing  nmethod 0x0000020a40ec3510
Event: 45.289 Thread 0x0000020a5a7d0a40 flushing  nmethod 0x0000020a3fa84010
Event: 45.291 Thread 0x0000020a5a7d0a40 flushing  nmethod 0x0000020a3fcb5d90
Event: 45.291 Thread 0x0000020a5a7d0a40 flushing  nmethod 0x0000020a3fcec710
Event: 45.292 Thread 0x0000020a5a7d0a40 flushing  nmethod 0x0000020a3fd3b410
Event: 45.292 Thread 0x0000020a5a7d0a40 flushing  nmethod 0x0000020a3fd42790
Event: 45.292 Thread 0x0000020a5a7d0a40 flushing  nmethod 0x0000020a3fd54410
Event: 45.292 Thread 0x0000020a5a7d0a40 flushing  nmethod 0x0000020a3fd67090
Event: 45.292 Thread 0x0000020a5a7d0a40 flushing  nmethod 0x0000020a3fd68090
Event: 45.292 Thread 0x0000020a5a7d0a40 flushing  nmethod 0x0000020a3fd6d390
Event: 45.309 Thread 0x0000020a5a7d0a40 flushing osr nmethod 0x0000020a40eae190

Events (20 events):
Event: 34.851 Thread 0x0000020aa44fd250 Thread exited: 0x0000020aa44fd250
Event: 34.893 Thread 0x0000020a5a7cf860 Thread added: 0x0000020aa35a3d40
Event: 36.691 Thread 0x0000020aa00eb770 Thread added: 0x0000020aa252e1a0
Event: 39.239 Thread 0x0000020aa00eb770 Thread added: 0x0000020aa2530510
Event: 40.074 Thread 0x0000020a5a7cf860 Thread added: 0x0000020ab2568b40
Event: 40.963 Thread 0x0000020aa00eb770 Thread added: 0x0000020aa2530f30
Event: 43.690 Thread 0x0000020aa00eb770 Thread added: 0x0000020aa252f0d0
Event: 43.690 Thread 0x0000020aa00eb770 Thread added: 0x0000020aa252f5e0
Event: 43.691 Thread 0x0000020aa00eb770 Thread added: 0x0000020aa44fd250
Event: 43.694 Thread 0x0000020aa00eb770 Thread added: 0x0000020aa44fd760
Event: 43.695 Thread 0x0000020aa00eb770 Thread added: 0x0000020aa44fbe10
Event: 43.696 Thread 0x0000020aa00eb770 Thread added: 0x0000020aa44fe180
Event: 43.696 Thread 0x0000020aa00eb770 Thread added: 0x0000020aa44f9fb0
Event: 43.697 Thread 0x0000020aa00eb770 Thread added: 0x0000020aa44fa4c0
Event: 43.697 Thread 0x0000020aa00eb770 Thread added: 0x0000020ab50f9450
Event: 43.698 Thread 0x0000020aa00eb770 Thread added: 0x0000020ab50fada0
Event: 43.699 Thread 0x0000020aa00eb770 Thread added: 0x0000020ab50fb7c0
Event: 44.121 Thread 0x0000020ab2568b40 Thread exited: 0x0000020ab2568b40
Event: 44.284 Thread 0x0000020aa35a3d40 Thread exited: 0x0000020aa35a3d40
Event: 44.415 Thread 0x0000020a5a7cf860 Thread added: 0x0000020ab256a080


Dynamic libraries:
0x00007ff71c060000 - 0x00007ff71c06e000 	C:\Program Files\Eclipse Adoptium\jdk-17.0.15.6-hotspot\bin\java.exe
0x00007ffdcfdf0000 - 0x00007ffdd0007000 	C:\windows\SYSTEM32\ntdll.dll
0x00007ffdcec00000 - 0x00007ffdcecc4000 	C:\windows\System32\KERNEL32.DLL
0x00007ffdcd5e0000 - 0x00007ffdcd9b2000 	C:\windows\System32\KERNELBASE.dll
0x00007ffdcd2c0000 - 0x00007ffdcd3d1000 	C:\windows\System32\ucrtbase.dll
0x00007ffdc7600000 - 0x00007ffdc7617000 	C:\Program Files\Eclipse Adoptium\jdk-17.0.15.6-hotspot\bin\jli.dll
0x00007ffdc75e0000 - 0x00007ffdc75fe000 	C:\Program Files\Eclipse Adoptium\jdk-17.0.15.6-hotspot\bin\VCRUNTIME140.dll
0x00007ffdcecd0000 - 0x00007ffdcee81000 	C:\windows\System32\USER32.dll
0x00007ffdccee0000 - 0x00007ffdccf06000 	C:\windows\System32\win32u.dll
0x00007ffdb14b0000 - 0x00007ffdb174b000 	C:\windows\WinSxS\amd64_microsoft.windows.common-controls_6595b64144ccf1df_6.0.22621.5547_none_27104afb73855772\COMCTL32.dll
0x00007ffdcf2b0000 - 0x00007ffdcf2d9000 	C:\windows\System32\GDI32.dll
0x00007ffdcde20000 - 0x00007ffdcdec7000 	C:\windows\System32\msvcrt.dll
0x00007ffdcd4b0000 - 0x00007ffdcd5d3000 	C:\windows\System32\gdi32full.dll
0x00007ffdcd3e0000 - 0x00007ffdcd47a000 	C:\windows\System32\msvcp_win.dll
0x00007ffdcef40000 - 0x00007ffdcef71000 	C:\windows\System32\IMM32.DLL
0x00007ffdc75a0000 - 0x00007ffdc75ac000 	C:\Program Files\Eclipse Adoptium\jdk-17.0.15.6-hotspot\bin\vcruntime140_1.dll
0x00007ffd3ed80000 - 0x00007ffd3ee0d000 	C:\Program Files\Eclipse Adoptium\jdk-17.0.15.6-hotspot\bin\msvcp140.dll
0x00007ffd3cde0000 - 0x00007ffd3da4b000 	C:\Program Files\Eclipse Adoptium\jdk-17.0.15.6-hotspot\bin\server\jvm.dll
0x00007ffdcdf80000 - 0x00007ffdce031000 	C:\windows\System32\ADVAPI32.dll
0x00007ffdcded0000 - 0x00007ffdcdf78000 	C:\windows\System32\sechost.dll
0x00007ffdcd480000 - 0x00007ffdcd4a8000 	C:\windows\System32\bcrypt.dll
0x00007ffdce360000 - 0x00007ffdce474000 	C:\windows\System32\RPCRT4.dll
0x00007ffdce900000 - 0x00007ffdce971000 	C:\windows\System32\WS2_32.dll
0x00007ffdccdb0000 - 0x00007ffdccdfd000 	C:\windows\SYSTEM32\POWRPROF.dll
0x00007ffdc5580000 - 0x00007ffdc55b4000 	C:\windows\SYSTEM32\WINMM.dll
0x00007ffdc44a0000 - 0x00007ffdc44aa000 	C:\windows\SYSTEM32\VERSION.dll
0x00007ffdccd90000 - 0x00007ffdccda3000 	C:\windows\SYSTEM32\UMPDC.dll
0x00007ffdcbed0000 - 0x00007ffdcbee8000 	C:\windows\SYSTEM32\kernel.appcore.dll
0x00007ffdc75b0000 - 0x00007ffdc75ba000 	C:\Program Files\Eclipse Adoptium\jdk-17.0.15.6-hotspot\bin\jimage.dll
0x00007ffdc1cf0000 - 0x00007ffdc1f23000 	C:\windows\SYSTEM32\DBGHELP.DLL
0x00007ffdcda80000 - 0x00007ffdcde13000 	C:\windows\System32\combase.dll
0x00007ffdce980000 - 0x00007ffdcea57000 	C:\windows\System32\OLEAUT32.dll
0x00007ffdc15a0000 - 0x00007ffdc15d2000 	C:\windows\SYSTEM32\dbgcore.DLL
0x00007ffdccf10000 - 0x00007ffdccf8b000 	C:\windows\System32\bcryptPrimitives.dll
0x00007ffd75960000 - 0x00007ffd7596e000 	C:\Program Files\Eclipse Adoptium\jdk-17.0.15.6-hotspot\bin\instrument.dll
0x00007ffd4baf0000 - 0x00007ffd4bb15000 	C:\Program Files\Eclipse Adoptium\jdk-17.0.15.6-hotspot\bin\java.dll
0x00007ffd3df20000 - 0x00007ffd3dff7000 	C:\Program Files\Eclipse Adoptium\jdk-17.0.15.6-hotspot\bin\jsvml.dll
0x00007ffdcf360000 - 0x00007ffdcfc02000 	C:\windows\System32\SHELL32.dll
0x00007ffdcd010000 - 0x00007ffdcd14f000 	C:\windows\System32\wintypes.dll
0x00007ffdcadc0000 - 0x00007ffdcb6dd000 	C:\windows\SYSTEM32\windows.storage.dll
0x00007ffdcf010000 - 0x00007ffdcf11c000 	C:\windows\System32\SHCORE.dll
0x00007ffdcef80000 - 0x00007ffdcefe9000 	C:\windows\System32\shlwapi.dll
0x00007ffdcce10000 - 0x00007ffdcce3b000 	C:\windows\SYSTEM32\profapi.dll
0x00007ffd456c0000 - 0x00007ffd456d8000 	C:\Program Files\Eclipse Adoptium\jdk-17.0.15.6-hotspot\bin\zip.dll
0x00007ffd4ab40000 - 0x00007ffd4ab59000 	C:\Program Files\Eclipse Adoptium\jdk-17.0.15.6-hotspot\bin\net.dll
0x00007ffdc6a10000 - 0x00007ffdc6b3c000 	C:\windows\SYSTEM32\WINHTTP.dll
0x00007ffdcc350000 - 0x00007ffdcc3b9000 	C:\windows\system32\mswsock.dll
0x00007ffd49860000 - 0x00007ffd49876000 	C:\Program Files\Eclipse Adoptium\jdk-17.0.15.6-hotspot\bin\nio.dll
0x00007ffdad9d0000 - 0x00007ffdad9e0000 	C:\Program Files\Eclipse Adoptium\jdk-17.0.15.6-hotspot\bin\verify.dll
0x00007ffd80e40000 - 0x00007ffd80e67000 	C:\Users\Admin\.gradle\native\c067742578af261105cb4f569cf0c3c89f3d7b1fecec35dd04571415982c5e48\windows-amd64\native-platform.dll
0x00007ffd5d700000 - 0x00007ffd5d844000 	C:\Users\Admin\.gradle\native\38dada09dfb8b06ba9b0570ebf7e218e3eb74d4ef43ca46872605cf95ebc2f47\windows-amd64\native-platform-file-events.dll
0x00007ffdc7590000 - 0x00007ffdc759a000 	C:\Program Files\Eclipse Adoptium\jdk-17.0.15.6-hotspot\bin\management.dll
0x00007ffdaf4b0000 - 0x00007ffdaf4bb000 	C:\Program Files\Eclipse Adoptium\jdk-17.0.15.6-hotspot\bin\management_ext.dll
0x00007ffdcead0000 - 0x00007ffdcead8000 	C:\windows\System32\PSAPI.DLL
0x00007ffdcc590000 - 0x00007ffdcc5ab000 	C:\windows\SYSTEM32\CRYPTSP.dll
0x00007ffdcbe30000 - 0x00007ffdcbe67000 	C:\windows\system32\rsaenh.dll
0x00007ffdcc410000 - 0x00007ffdcc438000 	C:\windows\SYSTEM32\USERENV.dll
0x00007ffdcc580000 - 0x00007ffdcc58c000 	C:\windows\SYSTEM32\CRYPTBASE.dll
0x00007ffdcb940000 - 0x00007ffdcb96d000 	C:\windows\SYSTEM32\IPHLPAPI.DLL
0x00007ffdce300000 - 0x00007ffdce309000 	C:\windows\System32\NSI.dll
0x00007ffdc5f10000 - 0x00007ffdc5f29000 	C:\windows\SYSTEM32\dhcpcsvc6.DLL
0x00007ffdc5dd0000 - 0x00007ffdc5def000 	C:\windows\SYSTEM32\dhcpcsvc.DLL
0x00007ffdcb9b0000 - 0x00007ffdcbaa8000 	C:\windows\SYSTEM32\DNSAPI.dll
0x00007ffd81e40000 - 0x00007ffd81e49000 	C:\Program Files\Eclipse Adoptium\jdk-17.0.15.6-hotspot\bin\extnet.dll
0x00007ffd898a0000 - 0x00007ffd898ae000 	C:\Program Files\Eclipse Adoptium\jdk-17.0.15.6-hotspot\bin\sunmscapi.dll
0x00007ffdcd150000 - 0x00007ffdcd2b7000 	C:\windows\System32\CRYPT32.dll
0x00007ffdcc780000 - 0x00007ffdcc7ad000 	C:\windows\SYSTEM32\ncrypt.dll
0x00007ffdcc740000 - 0x00007ffdcc777000 	C:\windows\SYSTEM32\NTASN1.dll
0x00007ffcfc220000 - 0x00007ffcfc228000 	C:\windows\system32\wshunix.dll
0x00007ffdcbff0000 - 0x00007ffdcc024000 	C:\windows\SYSTEM32\ntmarta.dll

dbghelp: loaded successfully - version: 4.0.5 - missing functions: none
symbol engine: initialized successfully - sym options: 0x614 - pdb path: .;C:\Program Files\Eclipse Adoptium\jdk-17.0.15.6-hotspot\bin;C:\windows\SYSTEM32;C:\windows\WinSxS\amd64_microsoft.windows.common-controls_6595b64144ccf1df_6.0.22621.5547_none_27104afb73855772;C:\Program Files\Eclipse Adoptium\jdk-17.0.15.6-hotspot\bin\server;C:\Users\Admin\.gradle\native\c067742578af261105cb4f569cf0c3c89f3d7b1fecec35dd04571415982c5e48\windows-amd64;C:\Users\Admin\.gradle\native\38dada09dfb8b06ba9b0570ebf7e218e3eb74d4ef43ca46872605cf95ebc2f47\windows-amd64

VM Arguments:
jvm_args: -XX:MaxMetaspaceSize=2G -XX:+HeapDumpOnOutOfMemoryError --add-opens=java.base/java.util=ALL-UNNAMED --add-opens=java.base/java.lang=ALL-UNNAMED --add-opens=java.base/java.lang.invoke=ALL-UNNAMED --add-opens=java.prefs/java.util.prefs=ALL-UNNAMED --add-opens=java.base/java.nio.charset=ALL-UNNAMED --add-opens=java.base/java.net=ALL-UNNAMED --add-opens=java.base/java.util.concurrent.atomic=ALL-UNNAMED -Xmx4G -Dfile.encoding=utf8 -Duser.country=US -Duser.language=en -Duser.variant -javaagent:C:\Users\Admin\.gradle\wrapper\dists\gradle-8.6-all\3mbtmo166bl6vumsh5k2lkq5h\gradle-8.6\lib\agents\gradle-instrumentation-agent-8.6.jar 
java_command: org.gradle.launcher.daemon.bootstrap.GradleDaemon 8.6
java_class_path (initial): C:\Users\Admin\.gradle\wrapper\dists\gradle-8.6-all\3mbtmo166bl6vumsh5k2lkq5h\gradle-8.6\lib\gradle-launcher-8.6.jar
Launcher Type: SUN_STANDARD

[Global flags]
     intx CICompilerCount                          = 4                                         {product} {ergonomic}
     uint ConcGCThreads                            = 3                                         {product} {ergonomic}
     uint G1ConcRefinementThreads                  = 10                                        {product} {ergonomic}
   size_t G1HeapRegionSize                         = 2097152                                   {product} {ergonomic}
    uintx GCDrainStackTargetSize                   = 64                                        {product} {ergonomic}
     bool HeapDumpOnOutOfMemoryError               = true                                   {manageable} {command line}
   size_t InitialHeapSize                          = 121634816                                 {product} {ergonomic}
   size_t MarkStackSize                            = 4194304                                   {product} {ergonomic}
   size_t MaxHeapSize                              = 4294967296                                {product} {command line}
   size_t MaxMetaspaceSize                         = 2147483648                                {product} {command line}
   size_t MaxNewSize                               = 2575302656                                {product} {ergonomic}
   size_t MinHeapDeltaBytes                        = 2097152                                   {product} {ergonomic}
   size_t MinHeapSize                              = 8388608                                   {product} {ergonomic}
    uintx NonNMethodCodeHeapSize                   = 5839372                                {pd product} {ergonomic}
    uintx NonProfiledCodeHeapSize                  = 122909434                              {pd product} {ergonomic}
    uintx ProfiledCodeHeapSize                     = 122909434                              {pd product} {ergonomic}
    uintx ReservedCodeCacheSize                    = 251658240                              {pd product} {ergonomic}
     bool SegmentedCodeCache                       = true                                      {product} {ergonomic}
   size_t SoftMaxHeapSize                          = 4294967296                             {manageable} {ergonomic}
     bool UseCompressedClassPointers               = true                           {product lp64_product} {ergonomic}
     bool UseCompressedOops                        = true                           {product lp64_product} {ergonomic}
     bool UseG1GC                                  = true                                      {product} {ergonomic}
     bool UseLargePagesIndividualAllocation        = false                                  {pd product} {ergonomic}

Logging:
Log output configuration:
 #0: stdout all=warning uptime,level,tags
 #1: stderr all=off uptime,level,tags

Environment Variables:
JAVA_HOME=C:\Program Files\Eclipse Adoptium\jdk-17.0.15.6-hotspot
PATH=C:\Program Files\Eclipse Adoptium\jdk-17.0.15.6-hotspot\bin;C:\Java\bin;C:\Program Files\Common Files\Oracle\Java\javapath;C:\windows\system32;C:\windows;C:\windows\System32\Wbem;C:\windows\System32\WindowsPowerShell\v1.0\;C:\windows\System32\OpenSSH\;C:\Program Files (x86)\NVIDIA Corporation\PhysX\Common;C:\Program Files\NVIDIA Corporation\NVIDIA NvDLISR;C:\Users\Administrator\AppData\Local\Microsoft\WindowsApps;C:\Program Files\HP\OMEN-Broadcast\Common;C:\Program Files\Git\cmd;C:\Program Files\HP\HP One Agent;C:\Program Files\nodejs\;C:\Program Files\MySQL\MySQL Server 8.0\bin;C:\Program Files (x86)\Windows Kits\10\Windows Performance Toolkit\;C:\Program Files\Docker\Docker\resources\bin;C:\Users\Admin\AppData\Local\Programs\Python\Launcher\;C:\Users\Admin\AppData\Local\Microsoft\WindowsApps;C:\Users\Admin\AppData\Local\Programs\Microsoft VS Code\bin;C:\msys64\mingw64\bin;C:\Users\Admin\Downloads\jdk-21_windows-x64_bin.zip\jdk-21.0.2\bin;C:\Users\Admin\.vscode\extensions\ms-mssql.mssql-1.22.1\sqltoolsservice\4.10.2.1\Windows;C:\Users\Admin\AppData\Roaming\npm;C:\ffmpeg;C:\Users\Admin\AppData\Local\JetBrains\IntelliJ IDEA 2024.3.1\bin;;C:\src\flutter\bin;C:\Users\Admin\AppData\Local\Pub\Cache\bin;
USERNAME=Admin
OS=Windows_NT
PROCESSOR_IDENTIFIER=AMD64 Family 25 Model 68 Stepping 1, AuthenticAMD
TMP=C:\Users\Admin\AppData\Local\Temp
TEMP=C:\Users\Admin\AppData\Local\Temp



Periodic native trim disabled


---------------  S Y S T E M  ---------------

OS:
 Windows 11 , 64 bit Build 22621 (10.0.22621.5415)
OS uptime: 0 days 1:59 hours
Hyper-V role detected

CPU: total 12 (initial active 12) (12 cores per cpu, 2 threads per core) family 25 model 68 stepping 1 microcode 0x0, cx8, cmov, fxsr, ht, mmx, 3dnowpref, sse, sse2, sse3, ssse3, sse4a, sse4.1, sse4.2, popcnt, lzcnt, tsc, tscinvbit, avx, avx2, aes, erms, clmul, bmi1, bmi2, adx, sha, fma, vzeroupper, clflush, clflushopt, hv
Processor Information for processor 0
  Max Mhz: 3301, Current Mhz: 3301, Mhz Limit: 3301
Processor Information for processor 1
  Max Mhz: 3301, Current Mhz: 3301, Mhz Limit: 3301
Processor Information for processor 2
  Max Mhz: 3301, Current Mhz: 2024, Mhz Limit: 3301
Processor Information for processor 3
  Max Mhz: 3301, Current Mhz: 3301, Mhz Limit: 3301
Processor Information for processor 4
  Max Mhz: 3301, Current Mhz: 3301, Mhz Limit: 3301
Processor Information for processor 5
  Max Mhz: 3301, Current Mhz: 3301, Mhz Limit: 3301
Processor Information for processor 6
  Max Mhz: 3301, Current Mhz: 3301, Mhz Limit: 3301
Processor Information for processor 7
  Max Mhz: 3301, Current Mhz: 3301, Mhz Limit: 3301
Processor Information for processor 8
  Max Mhz: 3301, Current Mhz: 3301, Mhz Limit: 3301
Processor Information for processor 9
  Max Mhz: 3301, Current Mhz: 3301, Mhz Limit: 3301
Processor Information for processor 10
  Max Mhz: 3301, Current Mhz: 2024, Mhz Limit: 3301
Processor Information for processor 11
  Max Mhz: 3301, Current Mhz: 2024, Mhz Limit: 3301

Memory: 4k page, system-wide physical 7381M (309M free)
TotalPageFile size 29909M (AvailPageFile size 346M)
current process WorkingSet (physical memory assigned to process): 622M, peak: 622M
current process commit charge ("private bytes"): 778M, peak: 1254M

vm_info: OpenJDK 64-Bit Server VM (17.0.15+6) for windows-amd64 JRE (17.0.15+6), built on Apr 15 2025 21:25:47 by "admin" with MS VC++ 17.7 (VS2022)

END.
